Analysis & Synthesis report for MixColumns
Fri Dec 21 14:41:11 2018
Quartus Prime Version 17.0.0 Build 595 04/25/2017 SJ Standard Edition


---------------------
; Table of Contents ;
---------------------
  1. Legal Notice
  2. Analysis & Synthesis Summary
  3. Analysis & Synthesis Settings
  4. Parallel Compilation
  5. Analysis & Synthesis Source Files Read
  6. Analysis & Synthesis Resource Usage Summary
  7. Analysis & Synthesis Resource Utilization by Entity
  8. General Register Statistics
  9. Post-Synthesis Netlist Statistics for Top Partition
 10. Elapsed Time Per Partition
 11. Analysis & Synthesis Messages



----------------
; Legal Notice ;
----------------
Copyright (C) 2017  Intel Corporation. All rights reserved.
Your use of Intel Corporation's design tools, logic functions 
and other software and tools, and its AMPP partner logic 
functions, and any output files from any of the foregoing 
(including device programming or simulation files), and any 
associated documentation or information are expressly subject 
to the terms and conditions of the Intel Program License 
Subscription Agreement, the Intel Quartus Prime License Agreement,
the Intel MegaCore Function License Agreement, or other 
applicable license agreement, including, without limitation, 
that your use is for the sole purpose of programming logic 
devices manufactured by Intel and sold by Intel or its 
authorized distributors.  Please refer to the applicable 
agreement for further details.



+-----------------------------------------------------------------------------------+
; Analysis & Synthesis Summary                                                      ;
+---------------------------------+-------------------------------------------------+
; Analysis & Synthesis Status     ; Successful - Fri Dec 21 14:41:11 2018           ;
; Quartus Prime Version           ; 17.0.0 Build 595 04/25/2017 SJ Standard Edition ;
; Revision Name                   ; MixColumns                                      ;
; Top-level Entity Name           ; MixColumns                                      ;
; Family                          ; Cyclone V                                       ;
; Logic utilization (in ALMs)     ; N/A                                             ;
; Total registers                 ; 0                                               ;
; Total pins                      ; 0                                               ;
; Total virtual pins              ; 256                                             ;
; Total block memory bits         ; 0                                               ;
; Total DSP Blocks                ; 0                                               ;
; Total HSSI RX PCSs              ; 0                                               ;
; Total HSSI PMA RX Deserializers ; 0                                               ;
; Total HSSI TX PCSs              ; 0                                               ;
; Total HSSI PMA TX Serializers   ; 0                                               ;
; Total PLLs                      ; 0                                               ;
; Total DLLs                      ; 0                                               ;
+---------------------------------+-------------------------------------------------+


+---------------------------------------------------------------------------------------------------------------------------+
; Analysis & Synthesis Settings                                                                                             ;
+---------------------------------------------------------------------------------+--------------------+--------------------+
; Option                                                                          ; Setting            ; Default Value      ;
+---------------------------------------------------------------------------------+--------------------+--------------------+
; Device                                                                          ; 5CGXFC7C7F23C8     ;                    ;
; Top-level entity name                                                           ; MixColumns         ; MixColumns         ;
; Family name                                                                     ; Cyclone V          ; Cyclone V          ;
; Use smart compilation                                                           ; Off                ; Off                ;
; Enable parallel Assembler and TimeQuest Timing Analyzer during compilation      ; On                 ; On                 ;
; Enable compact report table                                                     ; Off                ; Off                ;
; Restructure Multiplexers                                                        ; Auto               ; Auto               ;
; MLAB Add Timing Constraints For Mixed-Port Feed-Through Mode Setting Don't Care ; Off                ; Off                ;
; Create Debugging Nodes for IP Cores                                             ; Off                ; Off                ;
; Preserve fewer node names                                                       ; On                 ; On                 ;
; OpenCore Plus hardware evaluation                                               ; Enable             ; Enable             ;
; Verilog Version                                                                 ; Verilog_2001       ; Verilog_2001       ;
; VHDL Version                                                                    ; VHDL_1993          ; VHDL_1993          ;
; State Machine Processing                                                        ; Auto               ; Auto               ;
; Safe State Machine                                                              ; Off                ; Off                ;
; Extract Verilog State Machines                                                  ; On                 ; On                 ;
; Extract VHDL State Machines                                                     ; On                 ; On                 ;
; Ignore Verilog initial constructs                                               ; Off                ; Off                ;
; Iteration limit for constant Verilog loops                                      ; 5000               ; 5000               ;
; Iteration limit for non-constant Verilog loops                                  ; 250                ; 250                ;
; Add Pass-Through Logic to Inferred RAMs                                         ; On                 ; On                 ;
; Infer RAMs from Raw Logic                                                       ; On                 ; On                 ;
; Parallel Synthesis                                                              ; On                 ; On                 ;
; DSP Block Balancing                                                             ; Auto               ; Auto               ;
; NOT Gate Push-Back                                                              ; On                 ; On                 ;
; Power-Up Don't Care                                                             ; On                 ; On                 ;
; Remove Redundant Logic Cells                                                    ; Off                ; Off                ;
; Remove Duplicate Registers                                                      ; On                 ; On                 ;
; Ignore CARRY Buffers                                                            ; Off                ; Off                ;
; Ignore CASCADE Buffers                                                          ; Off                ; Off                ;
; Ignore GLOBAL Buffers                                                           ; Off                ; Off                ;
; Ignore ROW GLOBAL Buffers                                                       ; Off                ; Off                ;
; Ignore LCELL Buffers                                                            ; Off                ; Off                ;
; Ignore SOFT Buffers                                                             ; On                 ; On                 ;
; Limit AHDL Integers to 32 Bits                                                  ; Off                ; Off                ;
; Optimization Technique                                                          ; Balanced           ; Balanced           ;
; Carry Chain Length                                                              ; 70                 ; 70                 ;
; Auto Carry Chains                                                               ; On                 ; On                 ;
; Auto Open-Drain Pins                                                            ; On                 ; On                 ;
; Perform WYSIWYG Primitive Resynthesis                                           ; Off                ; Off                ;
; Auto ROM Replacement                                                            ; On                 ; On                 ;
; Auto RAM Replacement                                                            ; On                 ; On                 ;
; Auto DSP Block Replacement                                                      ; On                 ; On                 ;
; Auto Shift Register Replacement                                                 ; Auto               ; Auto               ;
; Allow Shift Register Merging across Hierarchies                                 ; Auto               ; Auto               ;
; Auto Clock Enable Replacement                                                   ; On                 ; On                 ;
; Strict RAM Replacement                                                          ; Off                ; Off                ;
; Allow Synchronous Control Signals                                               ; On                 ; On                 ;
; Force Use of Synchronous Clear Signals                                          ; Off                ; Off                ;
; Auto Resource Sharing                                                           ; Off                ; Off                ;
; Allow Any RAM Size For Recognition                                              ; Off                ; Off                ;
; Allow Any ROM Size For Recognition                                              ; Off                ; Off                ;
; Allow Any Shift Register Size For Recognition                                   ; Off                ; Off                ;
; Use LogicLock Constraints during Resource Balancing                             ; On                 ; On                 ;
; Ignore translate_off and synthesis_off directives                               ; Off                ; Off                ;
; Timing-Driven Synthesis                                                         ; On                 ; On                 ;
; Report Parameter Settings                                                       ; On                 ; On                 ;
; Report Source Assignments                                                       ; On                 ; On                 ;
; Report Connectivity Checks                                                      ; On                 ; On                 ;
; Ignore Maximum Fan-Out Assignments                                              ; Off                ; Off                ;
; Synchronization Register Chain Length                                           ; 3                  ; 3                  ;
; PowerPlay Power Optimization During Synthesis                                   ; Normal compilation ; Normal compilation ;
; HDL message level                                                               ; Level2             ; Level2             ;
; Suppress Register Optimization Related Messages                                 ; Off                ; Off                ;
; Number of Removed Registers Reported in Synthesis Report                        ; 5000               ; 5000               ;
; Number of Swept Nodes Reported in Synthesis Report                              ; 5000               ; 5000               ;
; Number of Inverted Registers Reported in Synthesis Report                       ; 100                ; 100                ;
; Clock MUX Protection                                                            ; On                 ; On                 ;
; Auto Gated Clock Conversion                                                     ; Off                ; Off                ;
; Block Design Naming                                                             ; Auto               ; Auto               ;
; SDC constraint protection                                                       ; Off                ; Off                ;
; Synthesis Effort                                                                ; Auto               ; Auto               ;
; Shift Register Replacement - Allow Asynchronous Clear Signal                    ; On                 ; On                 ;
; Pre-Mapping Resynthesis Optimization                                            ; Off                ; Off                ;
; Analysis & Synthesis Message Level                                              ; Medium             ; Medium             ;
; Disable Register Merging Across Hierarchies                                     ; Auto               ; Auto               ;
; Resource Aware Inference For Block RAM                                          ; On                 ; On                 ;
; Automatic Parallel Synthesis                                                    ; On                 ; On                 ;
; Partial Reconfiguration Bitstream ID                                            ; Off                ; Off                ;
+---------------------------------------------------------------------------------+--------------------+--------------------+


+------------------------------------------+
; Parallel Compilation                     ;
+----------------------------+-------------+
; Processors                 ; Number      ;
+----------------------------+-------------+
; Number detected on machine ; 4           ;
; Maximum allowed            ; 2           ;
;                            ;             ;
; Average used               ; 1.00        ;
; Maximum used               ; 1           ;
;                            ;             ;
; Usage by Processor         ; % Time Used ;
;     Processor 1            ; 100.0%      ;
+----------------------------+-------------+


+--------------------------------------------------------------------------------------------------------------------------------------------------------------+
; Analysis & Synthesis Source Files Read                                                                                                                       ;
+----------------------------------+-----------------+-----------------+-----------------------------------------------------------------------------+---------+
; File Name with User-Entered Path ; Used in Netlist ; File Type       ; File Name with Absolute Path                                                ; Library ;
+----------------------------------+-----------------+-----------------+-----------------------------------------------------------------------------+---------+
; MixColumns.vhd                   ; yes             ; User VHDL File  ; C:/Users/Mykho/Documents/repos/AES-Engine-Digital/MixColumns/MixColumns.vhd ;         ;
+----------------------------------+-----------------+-----------------+-----------------------------------------------------------------------------+---------+


+-----------------------------------------------------------+
; Analysis & Synthesis Resource Usage Summary               ;
+---------------------------------------------+-------------+
; Resource                                    ; Usage       ;
+---------------------------------------------+-------------+
; Estimate of Logic utilization (ALMs needed) ; 128         ;
;                                             ;             ;
; Combinational ALUT usage for logic          ; 0           ;
;     -- 7 input functions                    ; 0           ;
;     -- 6 input functions                    ; 0           ;
;     -- 5 input functions                    ; 0           ;
;     -- 4 input functions                    ; 0           ;
;     -- <=3 input functions                  ; 0           ;
;                                             ;             ;
; Dedicated logic registers                   ; 0           ;
;                                             ;             ;
; Virtual pins                                ; 256         ;
; I/O pins                                    ; 0           ;
;                                             ;             ;
; Total DSP Blocks                            ; 0           ;
;                                             ;             ;
; Maximum fan-out node                        ; RawData[96] ;
; Maximum fan-out                             ; 1           ;
; Total fan-out                               ; 32          ;
; Average fan-out                             ; 0.13        ;
+---------------------------------------------+-------------+


+----------------------------------------------------------------------------------------------------------------------------------------------------------------------------------------+
; Analysis & Synthesis Resource Utilization by Entity                                                                                                                                    ;
+----------------------------+---------------------+---------------------------+-------------------+------------+------+--------------+---------------------+-------------+--------------+
; Compilation Hierarchy Node ; Combinational ALUTs ; Dedicated Logic Registers ; Block Memory Bits ; DSP Blocks ; Pins ; Virtual Pins ; Full Hierarchy Name ; Entity Name ; Library Name ;
+----------------------------+---------------------+---------------------------+-------------------+------------+------+--------------+---------------------+-------------+--------------+
; |MixColumns                ; 0 (0)               ; 0 (0)                     ; 0                 ; 0          ; 0    ; 256          ; |MixColumns         ; MixColumns  ; work         ;
+----------------------------+---------------------+---------------------------+-------------------+------------+------+--------------+---------------------+-------------+--------------+
Note: For table entries with two numbers listed, the numbers in parentheses indicate the number of resources of the given type used by the specific entity alone. The numbers listed outside of parentheses indicate the total resources of the given type used by the specific entity and all of its sub-entities in the hierarchy.


+------------------------------------------------------+
; General Register Statistics                          ;
+----------------------------------------------+-------+
; Statistic                                    ; Value ;
+----------------------------------------------+-------+
; Total registers                              ; 0     ;
; Number of registers using Synchronous Clear  ; 0     ;
; Number of registers using Synchronous Load   ; 0     ;
; Number of registers using Asynchronous Clear ; 0     ;
; Number of registers using Asynchronous Load  ; 0     ;
; Number of registers using Clock Enable       ; 0     ;
; Number of registers using Preset             ; 0     ;
+----------------------------------------------+-------+


+-----------------------------------------------------+
; Post-Synthesis Netlist Statistics for Top Partition ;
+-----------------------+-----------------------------+
; Type                  ; Count                       ;
+-----------------------+-----------------------------+
; arriav_lcell_comb     ; 1                           ;
;     normal            ; 1                           ;
;         0 data inputs ; 1                           ;
; boundary_port         ; 256                         ;
;                       ;                             ;
; Max LUT depth         ; 0.00                        ;
; Average LUT depth     ; 0.00                        ;
+-----------------------+-----------------------------+


+-------------------------------+
; Elapsed Time Per Partition    ;
+----------------+--------------+
; Partition Name ; Elapsed Time ;
+----------------+--------------+
; Top            ; 00:00:00     ;
+----------------+--------------+


+-------------------------------+
; Analysis & Synthesis Messages ;
+-------------------------------+
Info: *******************************************************************
Info: Running Quartus Prime Analysis & Synthesis
    Info: Version 17.0.0 Build 595 04/25/2017 SJ Standard Edition
    Info: Processing started: Fri Dec 21 14:40:53 2018
Info: Command: quartus_map --read_settings_files=on --write_settings_files=off MixColumns -c MixColumns
Warning (18236): Number of processors has not been specified which may cause overloading on shared machines.  Set the global assignment NUM_PARALLEL_PROCESSORS in your QSF to an appropriate value for best performance.
Info (20030): Parallel compilation is enabled and will use 2 of the 2 processors detected
Info (12021): Found 2 design units, including 1 entities, in source file mixcolumns.vhd
    Info (12022): Found design unit 1: MixColumns-MixColumns_architecture File: C:/Users/Mykho/Documents/repos/AES-Engine-Digital/MixColumns/MixColumns.vhd Line: 43
    Info (12023): Found entity 1: MixColumns File: C:/Users/Mykho/Documents/repos/AES-Engine-Digital/MixColumns/MixColumns.vhd Line: 30
Info (12021): Found 1 design units, including 1 entities, in source file mixcolumnsarchitecture.bdf
    Info (12023): Found entity 1: MixColumnsArchitecture
Info (12127): Elaborating entity "MixColumns" for the top level hierarchy
Warning (13024): Output pins are stuck at VCC or GND
    Warning (13410): Pin "Encrypted[0]" is stuck at GND File: C:/Users/Mykho/Documents/repos/AES-Engine-Digital/MixColumns/MixColumns.vhd Line: 35
    Warning (13410): Pin "Encrypted[1]" is stuck at GND File: C:/Users/Mykho/Documents/repos/AES-Engine-Digital/MixColumns/MixColumns.vhd Line: 35
    Warning (13410): Pin "Encrypted[2]" is stuck at GND File: C:/Users/Mykho/Documents/repos/AES-Engine-Digital/MixColumns/MixColumns.vhd Line: 35
    Warning (13410): Pin "Encrypted[3]" is stuck at GND File: C:/Users/Mykho/Documents/repos/AES-Engine-Digital/MixColumns/MixColumns.vhd Line: 35
    Warning (13410): Pin "Encrypted[4]" is stuck at GND File: C:/Users/Mykho/Documents/repos/AES-Engine-Digital/MixColumns/MixColumns.vhd Line: 35
    Warning (13410): Pin "Encrypted[5]" is stuck at GND File: C:/Users/Mykho/Documents/repos/AES-Engine-Digital/MixColumns/MixColumns.vhd Line: 35
    Warning (13410): Pin "Encrypted[6]" is stuck at GND File: C:/Users/Mykho/Documents/repos/AES-Engine-Digital/MixColumns/MixColumns.vhd Line: 35
    Warning (13410): Pin "Encrypted[7]" is stuck at GND File: C:/Users/Mykho/Documents/repos/AES-Engine-Digital/MixColumns/MixColumns.vhd Line: 35
    Warning (13410): Pin "Encrypted[8]" is stuck at GND File: C:/Users/Mykho/Documents/repos/AES-Engine-Digital/MixColumns/MixColumns.vhd Line: 35
    Warning (13410): Pin "Encrypted[9]" is stuck at GND File: C:/Users/Mykho/Documents/repos/AES-Engine-Digital/MixColumns/MixColumns.vhd Line: 35
    Warning (13410): Pin "Encrypted[10]" is stuck at GND File: C:/Users/Mykho/Documents/repos/AES-Engine-Digital/MixColumns/MixColumns.vhd Line: 35
    Warning (13410): Pin "Encrypted[11]" is stuck at GND File: C:/Users/Mykho/Documents/repos/AES-Engine-Digital/MixColumns/MixColumns.vhd Line: 35
    Warning (13410): Pin "Encrypted[12]" is stuck at GND File: C:/Users/Mykho/Documents/repos/AES-Engine-Digital/MixColumns/MixColumns.vhd Line: 35
    Warning (13410): Pin "Encrypted[13]" is stuck at GND File: C:/Users/Mykho/Documents/repos/AES-Engine-Digital/MixColumns/MixColumns.vhd Line: 35
    Warning (13410): Pin "Encrypted[14]" is stuck at GND File: C:/Users/Mykho/Documents/repos/AES-Engine-Digital/MixColumns/MixColumns.vhd Line: 35
    Warning (13410): Pin "Encrypted[15]" is stuck at GND File: C:/Users/Mykho/Documents/repos/AES-Engine-Digital/MixColumns/MixColumns.vhd Line: 35
    Warning (13410): Pin "Encrypted[16]" is stuck at GND File: C:/Users/Mykho/Documents/repos/AES-Engine-Digital/MixColumns/MixColumns.vhd Line: 35
    Warning (13410): Pin "Encrypted[17]" is stuck at GND File: C:/Users/Mykho/Documents/repos/AES-Engine-Digital/MixColumns/MixColumns.vhd Line: 35
    Warning (13410): Pin "Encrypted[18]" is stuck at GND File: C:/Users/Mykho/Documents/repos/AES-Engine-Digital/MixColumns/MixColumns.vhd Line: 35
    Warning (13410): Pin "Encrypted[19]" is stuck at GND File: C:/Users/Mykho/Documents/repos/AES-Engine-Digital/MixColumns/MixColumns.vhd Line: 35
    Warning (13410): Pin "Encrypted[20]" is stuck at GND File: C:/Users/Mykho/Documents/repos/AES-Engine-Digital/MixColumns/MixColumns.vhd Line: 35
    Warning (13410): Pin "Encrypted[21]" is stuck at GND File: C:/Users/Mykho/Documents/repos/AES-Engine-Digital/MixColumns/MixColumns.vhd Line: 35
    Warning (13410): Pin "Encrypted[22]" is stuck at GND File: C:/Users/Mykho/Documents/repos/AES-Engine-Digital/MixColumns/MixColumns.vhd Line: 35
    Warning (13410): Pin "Encrypted[23]" is stuck at GND File: C:/Users/Mykho/Documents/repos/AES-Engine-Digital/MixColumns/MixColumns.vhd Line: 35
    Warning (13410): Pin "Encrypted[24]" is stuck at GND File: C:/Users/Mykho/Documents/repos/AES-Engine-Digital/MixColumns/MixColumns.vhd Line: 35
    Warning (13410): Pin "Encrypted[25]" is stuck at GND File: C:/Users/Mykho/Documents/repos/AES-Engine-Digital/MixColumns/MixColumns.vhd Line: 35
    Warning (13410): Pin "Encrypted[26]" is stuck at GND File: C:/Users/Mykho/Documents/repos/AES-Engine-Digital/MixColumns/MixColumns.vhd Line: 35
    Warning (13410): Pin "Encrypted[27]" is stuck at GND File: C:/Users/Mykho/Documents/repos/AES-Engine-Digital/MixColumns/MixColumns.vhd Line: 35
    Warning (13410): Pin "Encrypted[28]" is stuck at GND File: C:/Users/Mykho/Documents/repos/AES-Engine-Digital/MixColumns/MixColumns.vhd Line: 35
    Warning (13410): Pin "Encrypted[29]" is stuck at GND File: C:/Users/Mykho/Documents/repos/AES-Engine-Digital/MixColumns/MixColumns.vhd Line: 35
    Warning (13410): Pin "Encrypted[30]" is stuck at GND File: C:/Users/Mykho/Documents/repos/AES-Engine-Digital/MixColumns/MixColumns.vhd Line: 35
    Warning (13410): Pin "Encrypted[31]" is stuck at GND File: C:/Users/Mykho/Documents/repos/AES-Engine-Digital/MixColumns/MixColumns.vhd Line: 35
    Warning (13410): Pin "Encrypted[32]" is stuck at GND File: C:/Users/Mykho/Documents/repos/AES-Engine-Digital/MixColumns/MixColumns.vhd Line: 35
    Warning (13410): Pin "Encrypted[33]" is stuck at GND File: C:/Users/Mykho/Documents/repos/AES-Engine-Digital/MixColumns/MixColumns.vhd Line: 35
    Warning (13410): Pin "Encrypted[34]" is stuck at GND File: C:/Users/Mykho/Documents/repos/AES-Engine-Digital/MixColumns/MixColumns.vhd Line: 35
    Warning (13410): Pin "Encrypted[35]" is stuck at GND File: C:/Users/Mykho/Documents/repos/AES-Engine-Digital/MixColumns/MixColumns.vhd Line: 35
    Warning (13410): Pin "Encrypted[36]" is stuck at GND File: C:/Users/Mykho/Documents/repos/AES-Engine-Digital/MixColumns/MixColumns.vhd Line: 35
    Warning (13410): Pin "Encrypted[37]" is stuck at GND File: C:/Users/Mykho/Documents/repos/AES-Engine-Digital/MixColumns/MixColumns.vhd Line: 35
    Warning (13410): Pin "Encrypted[38]" is stuck at GND File: C:/Users/Mykho/Documents/repos/AES-Engine-Digital/MixColumns/MixColumns.vhd Line: 35
    Warning (13410): Pin "Encrypted[39]" is stuck at GND File: C:/Users/Mykho/Documents/repos/AES-Engine-Digital/MixColumns/MixColumns.vhd Line: 35
    Warning (13410): Pin "Encrypted[40]" is stuck at GND File: C:/Users/Mykho/Documents/repos/AES-Engine-Digital/MixColumns/MixColumns.vhd Line: 35
    Warning (13410): Pin "Encrypted[41]" is stuck at GND File: C:/Users/Mykho/Documents/repos/AES-Engine-Digital/MixColumns/MixColumns.vhd Line: 35
    Warning (13410): Pin "Encrypted[42]" is stuck at GND File: C:/Users/Mykho/Documents/repos/AES-Engine-Digital/MixColumns/MixColumns.vhd Line: 35
    Warning (13410): Pin "Encrypted[43]" is stuck at GND File: C:/Users/Mykho/Documents/repos/AES-Engine-Digital/MixColumns/MixColumns.vhd Line: 35
    Warning (13410): Pin "Encrypted[44]" is stuck at GND File: C:/Users/Mykho/Documents/repos/AES-Engine-Digital/MixColumns/MixColumns.vhd Line: 35
    Warning (13410): Pin "Encrypted[45]" is stuck at GND File: C:/Users/Mykho/Documents/repos/AES-Engine-Digital/MixColumns/MixColumns.vhd Line: 35
    Warning (13410): Pin "Encrypted[46]" is stuck at GND File: C:/Users/Mykho/Documents/repos/AES-Engine-Digital/MixColumns/MixColumns.vhd Line: 35
    Warning (13410): Pin "Encrypted[47]" is stuck at GND File: C:/Users/Mykho/Documents/repos/AES-Engine-Digital/MixColumns/MixColumns.vhd Line: 35
    Warning (13410): Pin "Encrypted[48]" is stuck at GND File: C:/Users/Mykho/Documents/repos/AES-Engine-Digital/MixColumns/MixColumns.vhd Line: 35
    Warning (13410): Pin "Encrypted[49]" is stuck at GND File: C:/Users/Mykho/Documents/repos/AES-Engine-Digital/MixColumns/MixColumns.vhd Line: 35
    Warning (13410): Pin "Encrypted[50]" is stuck at GND File: C:/Users/Mykho/Documents/repos/AES-Engine-Digital/MixColumns/MixColumns.vhd Line: 35
    Warning (13410): Pin "Encrypted[51]" is stuck at GND File: C:/Users/Mykho/Documents/repos/AES-Engine-Digital/MixColumns/MixColumns.vhd Line: 35
    Warning (13410): Pin "Encrypted[52]" is stuck at GND File: C:/Users/Mykho/Documents/repos/AES-Engine-Digital/MixColumns/MixColumns.vhd Line: 35
    Warning (13410): Pin "Encrypted[53]" is stuck at GND File: C:/Users/Mykho/Documents/repos/AES-Engine-Digital/MixColumns/MixColumns.vhd Line: 35
    Warning (13410): Pin "Encrypted[54]" is stuck at GND File: C:/Users/Mykho/Documents/repos/AES-Engine-Digital/MixColumns/MixColumns.vhd Line: 35
    Warning (13410): Pin "Encrypted[55]" is stuck at GND File: C:/Users/Mykho/Documents/repos/AES-Engine-Digital/MixColumns/MixColumns.vhd Line: 35
    Warning (13410): Pin "Encrypted[56]" is stuck at GND File: C:/Users/Mykho/Documents/repos/AES-Engine-Digital/MixColumns/MixColumns.vhd Line: 35
    Warning (13410): Pin "Encrypted[57]" is stuck at GND File: C:/Users/Mykho/Documents/repos/AES-Engine-Digital/MixColumns/MixColumns.vhd Line: 35
    Warning (13410): Pin "Encrypted[58]" is stuck at GND File: C:/Users/Mykho/Documents/repos/AES-Engine-Digital/MixColumns/MixColumns.vhd Line: 35
    Warning (13410): Pin "Encrypted[59]" is stuck at GND File: C:/Users/Mykho/Documents/repos/AES-Engine-Digital/MixColumns/MixColumns.vhd Line: 35
    Warning (13410): Pin "Encrypted[60]" is stuck at GND File: C:/Users/Mykho/Documents/repos/AES-Engine-Digital/MixColumns/MixColumns.vhd Line: 35
    Warning (13410): Pin "Encrypted[61]" is stuck at GND File: C:/Users/Mykho/Documents/repos/AES-Engine-Digital/MixColumns/MixColumns.vhd Line: 35
    Warning (13410): Pin "Encrypted[62]" is stuck at GND File: C:/Users/Mykho/Documents/repos/AES-Engine-Digital/MixColumns/MixColumns.vhd Line: 35
    Warning (13410): Pin "Encrypted[63]" is stuck at GND File: C:/Users/Mykho/Documents/repos/AES-Engine-Digital/MixColumns/MixColumns.vhd Line: 35
    Warning (13410): Pin "Encrypted[64]" is stuck at GND File: C:/Users/Mykho/Documents/repos/AES-Engine-Digital/MixColumns/MixColumns.vhd Line: 35
    Warning (13410): Pin "Encrypted[65]" is stuck at GND File: C:/Users/Mykho/Documents/repos/AES-Engine-Digital/MixColumns/MixColumns.vhd Line: 35
    Warning (13410): Pin "Encrypted[66]" is stuck at GND File: C:/Users/Mykho/Documents/repos/AES-Engine-Digital/MixColumns/MixColumns.vhd Line: 35
    Warning (13410): Pin "Encrypted[67]" is stuck at GND File: C:/Users/Mykho/Documents/repos/AES-Engine-Digital/MixColumns/MixColumns.vhd Line: 35
    Warning (13410): Pin "Encrypted[68]" is stuck at GND File: C:/Users/Mykho/Documents/repos/AES-Engine-Digital/MixColumns/MixColumns.vhd Line: 35
    Warning (13410): Pin "Encrypted[69]" is stuck at GND File: C:/Users/Mykho/Documents/repos/AES-Engine-Digital/MixColumns/MixColumns.vhd Line: 35
    Warning (13410): Pin "Encrypted[70]" is stuck at GND File: C:/Users/Mykho/Documents/repos/AES-Engine-Digital/MixColumns/MixColumns.vhd Line: 35
    Warning (13410): Pin "Encrypted[71]" is stuck at GND File: C:/Users/Mykho/Documents/repos/AES-Engine-Digital/MixColumns/MixColumns.vhd Line: 35
    Warning (13410): Pin "Encrypted[72]" is stuck at GND File: C:/Users/Mykho/Documents/repos/AES-Engine-Digital/MixColumns/MixColumns.vhd Line: 35
    Warning (13410): Pin "Encrypted[73]" is stuck at GND File: C:/Users/Mykho/Documents/repos/AES-Engine-Digital/MixColumns/MixColumns.vhd Line: 35
    Warning (13410): Pin "Encrypted[74]" is stuck at GND File: C:/Users/Mykho/Documents/repos/AES-Engine-Digital/MixColumns/MixColumns.vhd Line: 35
    Warning (13410): Pin "Encrypted[75]" is stuck at GND File: C:/Users/Mykho/Documents/repos/AES-Engine-Digital/MixColumns/MixColumns.vhd Line: 35
    Warning (13410): Pin "Encrypted[76]" is stuck at GND File: C:/Users/Mykho/Documents/repos/AES-Engine-Digital/MixColumns/MixColumns.vhd Line: 35
    Warning (13410): Pin "Encrypted[77]" is stuck at GND File: C:/Users/Mykho/Documents/repos/AES-Engine-Digital/MixColumns/MixColumns.vhd Line: 35
    Warning (13410): Pin "Encrypted[78]" is stuck at GND File: C:/Users/Mykho/Documents/repos/AES-Engine-Digital/MixColumns/MixColumns.vhd Line: 35
    Warning (13410): Pin "Encrypted[79]" is stuck at GND File: C:/Users/Mykho/Documents/repos/AES-Engine-Digital/MixColumns/MixColumns.vhd Line: 35
    Warning (13410): Pin "Encrypted[80]" is stuck at GND File: C:/Users/Mykho/Documents/repos/AES-Engine-Digital/MixColumns/MixColumns.vhd Line: 35
    Warning (13410): Pin "Encrypted[81]" is stuck at GND File: C:/Users/Mykho/Documents/repos/AES-Engine-Digital/MixColumns/MixColumns.vhd Line: 35
    Warning (13410): Pin "Encrypted[82]" is stuck at GND File: C:/Users/Mykho/Documents/repos/AES-Engine-Digital/MixColumns/MixColumns.vhd Line: 35
    Warning (13410): Pin "Encrypted[83]" is stuck at GND File: C:/Users/Mykho/Documents/repos/AES-Engine-Digital/MixColumns/MixColumns.vhd Line: 35
    Warning (13410): Pin "Encrypted[84]" is stuck at GND File: C:/Users/Mykho/Documents/repos/AES-Engine-Digital/MixColumns/MixColumns.vhd Line: 35
    Warning (13410): Pin "Encrypted[85]" is stuck at GND File: C:/Users/Mykho/Documents/repos/AES-Engine-Digital/MixColumns/MixColumns.vhd Line: 35
    Warning (13410): Pin "Encrypted[86]" is stuck at GND File: C:/Users/Mykho/Documents/repos/AES-Engine-Digital/MixColumns/MixColumns.vhd Line: 35
    Warning (13410): Pin "Encrypted[87]" is stuck at GND File: C:/Users/Mykho/Documents/repos/AES-Engine-Digital/MixColumns/MixColumns.vhd Line: 35
    Warning (13410): Pin "Encrypted[88]" is stuck at GND File: C:/Users/Mykho/Documents/repos/AES-Engine-Digital/MixColumns/MixColumns.vhd Line: 35
    Warning (13410): Pin "Encrypted[89]" is stuck at GND File: C:/Users/Mykho/Documents/repos/AES-Engine-Digital/MixColumns/MixColumns.vhd Line: 35
    Warning (13410): Pin "Encrypted[90]" is stuck at GND File: C:/Users/Mykho/Documents/repos/AES-Engine-Digital/MixColumns/MixColumns.vhd Line: 35
    Warning (13410): Pin "Encrypted[91]" is stuck at GND File: C:/Users/Mykho/Documents/repos/AES-Engine-Digital/MixColumns/MixColumns.vhd Line: 35
    Warning (13410): Pin "Encrypted[92]" is stuck at GND File: C:/Users/Mykho/Documents/repos/AES-Engine-Digital/MixColumns/MixColumns.vhd Line: 35
    Warning (13410): Pin "Encrypted[93]" is stuck at GND File: C:/Users/Mykho/Documents/repos/AES-Engine-Digital/MixColumns/MixColumns.vhd Line: 35
    Warning (13410): Pin "Encrypted[94]" is stuck at GND File: C:/Users/Mykho/Documents/repos/AES-Engine-Digital/MixColumns/MixColumns.vhd Line: 35
    Warning (13410): Pin "Encrypted[95]" is stuck at GND File: C:/Users/Mykho/Documents/repos/AES-Engine-Digital/MixColumns/MixColumns.vhd Line: 35
Info (16010): Generating hard_block partition "hard_block:auto_generated_inst"
    Info (16011): Adding 0 node(s), including 0 DDIO, 0 PLL, 0 transceiver and 0 LCELL
Info (15717): Design contains 256 virtual pins; timing numbers associated with paths containing virtual pins are estimates
    Info (15718): Pin "RawData[0]" is virtual input pin File: C:/Users/Mykho/Documents/repos/AES-Engine-Digital/MixColumns/MixColumns.vhd Line: 34
    Info (15718): Pin "RawData[1]" is virtual input pin File: C:/Users/Mykho/Documents/repos/AES-Engine-Digital/MixColumns/MixColumns.vhd Line: 34
    Info (15718): Pin "RawData[2]" is virtual input pin File: C:/Users/Mykho/Documents/repos/AES-Engine-Digital/MixColumns/MixColumns.vhd Line: 34
    Info (15718): Pin "RawData[3]" is virtual input pin File: C:/Users/Mykho/Documents/repos/AES-Engine-Digital/MixColumns/MixColumns.vhd Line: 34
    Info (15718): Pin "RawData[4]" is virtual input pin File: C:/Users/Mykho/Documents/repos/AES-Engine-Digital/MixColumns/MixColumns.vhd Line: 34
    Info (15718): Pin "RawData[5]" is virtual input pin File: C:/Users/Mykho/Documents/repos/AES-Engine-Digital/MixColumns/MixColumns.vhd Line: 34
    Info (15718): Pin "RawData[6]" is virtual input pin File: C:/Users/Mykho/Documents/repos/AES-Engine-Digital/MixColumns/MixColumns.vhd Line: 34
    Info (15718): Pin "RawData[7]" is virtual input pin File: C:/Users/Mykho/Documents/repos/AES-Engine-Digital/MixColumns/MixColumns.vhd Line: 34
    Info (15718): Pin "RawData[8]" is virtual input pin File: C:/Users/Mykho/Documents/repos/AES-Engine-Digital/MixColumns/MixColumns.vhd Line: 34
    Info (15718): Pin "RawData[9]" is virtual input pin File: C:/Users/Mykho/Documents/repos/AES-Engine-Digital/MixColumns/MixColumns.vhd Line: 34
    Info (15718): Pin "RawData[10]" is virtual input pin File: C:/Users/Mykho/Documents/repos/AES-Engine-Digital/MixColumns/MixColumns.vhd Line: 34
    Info (15718): Pin "RawData[11]" is virtual input pin File: C:/Users/Mykho/Documents/repos/AES-Engine-Digital/MixColumns/MixColumns.vhd Line: 34
    Info (15718): Pin "RawData[12]" is virtual input pin File: C:/Users/Mykho/Documents/repos/AES-Engine-Digital/MixColumns/MixColumns.vhd Line: 34
    Info (15718): Pin "RawData[13]" is virtual input pin File: C:/Users/Mykho/Documents/repos/AES-Engine-Digital/MixColumns/MixColumns.vhd Line: 34
    Info (15718): Pin "RawData[14]" is virtual input pin File: C:/Users/Mykho/Documents/repos/AES-Engine-Digital/MixColumns/MixColumns.vhd Line: 34
    Info (15718): Pin "RawData[15]" is virtual input pin File: C:/Users/Mykho/Documents/repos/AES-Engine-Digital/MixColumns/MixColumns.vhd Line: 34
    Info (15718): Pin "RawData[16]" is virtual input pin File: C:/Users/Mykho/Documents/repos/AES-Engine-Digital/MixColumns/MixColumns.vhd Line: 34
    Info (15718): Pin "RawData[17]" is virtual input pin File: C:/Users/Mykho/Documents/repos/AES-Engine-Digital/MixColumns/MixColumns.vhd Line: 34
    Info (15718): Pin "RawData[18]" is virtual input pin File: C:/Users/Mykho/Documents/repos/AES-Engine-Digital/MixColumns/MixColumns.vhd Line: 34
    Info (15718): Pin "RawData[19]" is virtual input pin File: C:/Users/Mykho/Documents/repos/AES-Engine-Digital/MixColumns/MixColumns.vhd Line: 34
    Info (15718): Pin "RawData[20]" is virtual input pin File: C:/Users/Mykho/Documents/repos/AES-Engine-Digital/MixColumns/MixColumns.vhd Line: 34
    Info (15718): Pin "RawData[21]" is virtual input pin File: C:/Users/Mykho/Documents/repos/AES-Engine-Digital/MixColumns/MixColumns.vhd Line: 34
    Info (15718): Pin "RawData[22]" is virtual input pin File: C:/Users/Mykho/Documents/repos/AES-Engine-Digital/MixColumns/MixColumns.vhd Line: 34
    Info (15718): Pin "RawData[23]" is virtual input pin File: C:/Users/Mykho/Documents/repos/AES-Engine-Digital/MixColumns/MixColumns.vhd Line: 34
    Info (15718): Pin "RawData[24]" is virtual input pin File: C:/Users/Mykho/Documents/repos/AES-Engine-Digital/MixColumns/MixColumns.vhd Line: 34
    Info (15718): Pin "RawData[25]" is virtual input pin File: C:/Users/Mykho/Documents/repos/AES-Engine-Digital/MixColumns/MixColumns.vhd Line: 34
    Info (15718): Pin "RawData[26]" is virtual input pin File: C:/Users/Mykho/Documents/repos/AES-Engine-Digital/MixColumns/MixColumns.vhd Line: 34
    Info (15718): Pin "RawData[27]" is virtual input pin File: C:/Users/Mykho/Documents/repos/AES-Engine-Digital/MixColumns/MixColumns.vhd Line: 34
    Info (15718): Pin "RawData[28]" is virtual input pin File: C:/Users/Mykho/Documents/repos/AES-Engine-Digital/MixColumns/MixColumns.vhd Line: 34
    Info (15718): Pin "RawData[29]" is virtual input pin File: C:/Users/Mykho/Documents/repos/AES-Engine-Digital/MixColumns/MixColumns.vhd Line: 34
    Info (15718): Pin "RawData[30]" is virtual input pin File: C:/Users/Mykho/Documents/repos/AES-Engine-Digital/MixColumns/MixColumns.vhd Line: 34
    Info (15718): Pin "RawData[31]" is virtual input pin File: C:/Users/Mykho/Documents/repos/AES-Engine-Digital/MixColumns/MixColumns.vhd Line: 34
    Info (15718): Pin "RawData[32]" is virtual input pin File: C:/Users/Mykho/Documents/repos/AES-Engine-Digital/MixColumns/MixColumns.vhd Line: 34
    Info (15718): Pin "RawData[33]" is virtual input pin File: C:/Users/Mykho/Documents/repos/AES-Engine-Digital/MixColumns/MixColumns.vhd Line: 34
    Info (15718): Pin "RawData[34]" is virtual input pin File: C:/Users/Mykho/Documents/repos/AES-Engine-Digital/MixColumns/MixColumns.vhd Line: 34
    Info (15718): Pin "RawData[35]" is virtual input pin File: C:/Users/Mykho/Documents/repos/AES-Engine-Digital/MixColumns/MixColumns.vhd Line: 34
    Info (15718): Pin "RawData[36]" is virtual input pin File: C:/Users/Mykho/Documents/repos/AES-Engine-Digital/MixColumns/MixColumns.vhd Line: 34
    Info (15718): Pin "RawData[37]" is virtual input pin File: C:/Users/Mykho/Documents/repos/AES-Engine-Digital/MixColumns/MixColumns.vhd Line: 34
    Info (15718): Pin "RawData[38]" is virtual input pin File: C:/Users/Mykho/Documents/repos/AES-Engine-Digital/MixColumns/MixColumns.vhd Line: 34
    Info (15718): Pin "RawData[39]" is virtual input pin File: C:/Users/Mykho/Documents/repos/AES-Engine-Digital/MixColumns/MixColumns.vhd Line: 34
    Info (15718): Pin "RawData[40]" is virtual input pin File: C:/Users/Mykho/Documents/repos/AES-Engine-Digital/MixColumns/MixColumns.vhd Line: 34
    Info (15718): Pin "RawData[41]" is virtual input pin File: C:/Users/Mykho/Documents/repos/AES-Engine-Digital/MixColumns/MixColumns.vhd Line: 34
    Info (15718): Pin "RawData[42]" is virtual input pin File: C:/Users/Mykho/Documents/repos/AES-Engine-Digital/MixColumns/MixColumns.vhd Line: 34
    Info (15718): Pin "RawData[43]" is virtual input pin File: C:/Users/Mykho/Documents/repos/AES-Engine-Digital/MixColumns/MixColumns.vhd Line: 34
    Info (15718): Pin "RawData[44]" is virtual input pin File: C:/Users/Mykho/Documents/repos/AES-Engine-Digital/MixColumns/MixColumns.vhd Line: 34
    Info (15718): Pin "RawData[45]" is virtual input pin File: C:/Users/Mykho/Documents/repos/AES-Engine-Digital/MixColumns/MixColumns.vhd Line: 34
    Info (15718): Pin "RawData[46]" is virtual input pin File: C:/Users/Mykho/Documents/repos/AES-Engine-Digital/MixColumns/MixColumns.vhd Line: 34
    Info (15718): Pin "RawData[47]" is virtual input pin File: C:/Users/Mykho/Documents/repos/AES-Engine-Digital/MixColumns/MixColumns.vhd Line: 34
    Info (15718): Pin "RawData[48]" is virtual input pin File: C:/Users/Mykho/Documents/repos/AES-Engine-Digital/MixColumns/MixColumns.vhd Line: 34
    Info (15718): Pin "RawData[49]" is virtual input pin File: C:/Users/Mykho/Documents/repos/AES-Engine-Digital/MixColumns/MixColumns.vhd Line: 34
    Info (15718): Pin "RawData[50]" is virtual input pin File: C:/Users/Mykho/Documents/repos/AES-Engine-Digital/MixColumns/MixColumns.vhd Line: 34
    Info (15718): Pin "RawData[51]" is virtual input pin File: C:/Users/Mykho/Documents/repos/AES-Engine-Digital/MixColumns/MixColumns.vhd Line: 34
    Info (15718): Pin "RawData[52]" is virtual input pin File: C:/Users/Mykho/Documents/repos/AES-Engine-Digital/MixColumns/MixColumns.vhd Line: 34
    Info (15718): Pin "RawData[53]" is virtual input pin File: C:/Users/Mykho/Documents/repos/AES-Engine-Digital/MixColumns/MixColumns.vhd Line: 34
    Info (15718): Pin "RawData[54]" is virtual input pin File: C:/Users/Mykho/Documents/repos/AES-Engine-Digital/MixColumns/MixColumns.vhd Line: 34
    Info (15718): Pin "RawData[55]" is virtual input pin File: C:/Users/Mykho/Documents/repos/AES-Engine-Digital/MixColumns/MixColumns.vhd Line: 34
    Info (15718): Pin "RawData[56]" is virtual input pin File: C:/Users/Mykho/Documents/repos/AES-Engine-Digital/MixColumns/MixColumns.vhd Line: 34
    Info (15718): Pin "RawData[57]" is virtual input pin File: C:/Users/Mykho/Documents/repos/AES-Engine-Digital/MixColumns/MixColumns.vhd Line: 34
    Info (15718): Pin "RawData[58]" is virtual input pin File: C:/Users/Mykho/Documents/repos/AES-Engine-Digital/MixColumns/MixColumns.vhd Line: 34
    Info (15718): Pin "RawData[59]" is virtual input pin File: C:/Users/Mykho/Documents/repos/AES-Engine-Digital/MixColumns/MixColumns.vhd Line: 34
    Info (15718): Pin "RawData[60]" is virtual input pin File: C:/Users/Mykho/Documents/repos/AES-Engine-Digital/MixColumns/MixColumns.vhd Line: 34
    Info (15718): Pin "RawData[61]" is virtual input pin File: C:/Users/Mykho/Documents/repos/AES-Engine-Digital/MixColumns/MixColumns.vhd Line: 34
    Info (15718): Pin "RawData[62]" is virtual input pin File: C:/Users/Mykho/Documents/repos/AES-Engine-Digital/MixColumns/MixColumns.vhd Line: 34
    Info (15718): Pin "RawData[63]" is virtual input pin File: C:/Users/Mykho/Documents/repos/AES-Engine-Digital/MixColumns/MixColumns.vhd Line: 34
    Info (15718): Pin "RawData[64]" is virtual input pin File: C:/Users/Mykho/Documents/repos/AES-Engine-Digital/MixColumns/MixColumns.vhd Line: 34
    Info (15718): Pin "RawData[65]" is virtual input pin File: C:/Users/Mykho/Documents/repos/AES-Engine-Digital/MixColumns/MixColumns.vhd Line: 34
    Info (15718): Pin "RawData[66]" is virtual input pin File: C:/Users/Mykho/Documents/repos/AES-Engine-Digital/MixColumns/MixColumns.vhd Line: 34
    Info (15718): Pin "RawData[67]" is virtual input pin File: C:/Users/Mykho/Documents/repos/AES-Engine-Digital/MixColumns/MixColumns.vhd Line: 34
    Info (15718): Pin "RawData[68]" is virtual input pin File: C:/Users/Mykho/Documents/repos/AES-Engine-Digital/MixColumns/MixColumns.vhd Line: 34
    Info (15718): Pin "RawData[69]" is virtual input pin File: C:/Users/Mykho/Documents/repos/AES-Engine-Digital/MixColumns/MixColumns.vhd Line: 34
    Info (15718): Pin "RawData[70]" is virtual input pin File: C:/Users/Mykho/Documents/repos/AES-Engine-Digital/MixColumns/MixColumns.vhd Line: 34
    Info (15718): Pin "RawData[71]" is virtual input pin File: C:/Users/Mykho/Documents/repos/AES-Engine-Digital/MixColumns/MixColumns.vhd Line: 34
    Info (15718): Pin "RawData[72]" is virtual input pin File: C:/Users/Mykho/Documents/repos/AES-Engine-Digital/MixColumns/MixColumns.vhd Line: 34
    Info (15718): Pin "RawData[73]" is virtual input pin File: C:/Users/Mykho/Documents/repos/AES-Engine-Digital/MixColumns/MixColumns.vhd Line: 34
    Info (15718): Pin "RawData[74]" is virtual input pin File: C:/Users/Mykho/Documents/repos/AES-Engine-Digital/MixColumns/MixColumns.vhd Line: 34
    Info (15718): Pin "RawData[75]" is virtual input pin File: C:/Users/Mykho/Documents/repos/AES-Engine-Digital/MixColumns/MixColumns.vhd Line: 34
    Info (15718): Pin "RawData[76]" is virtual input pin File: C:/Users/Mykho/Documents/repos/AES-Engine-Digital/MixColumns/MixColumns.vhd Line: 34
    Info (15718): Pin "RawData[77]" is virtual input pin File: C:/Users/Mykho/Documents/repos/AES-Engine-Digital/MixColumns/MixColumns.vhd Line: 34
    Info (15718): Pin "RawData[78]" is virtual input pin File: C:/Users/Mykho/Documents/repos/AES-Engine-Digital/MixColumns/MixColumns.vhd Line: 34
    Info (15718): Pin "RawData[79]" is virtual input pin File: C:/Users/Mykho/Documents/repos/AES-Engine-Digital/MixColumns/MixColumns.vhd Line: 34
    Info (15718): Pin "RawData[80]" is virtual input pin File: C:/Users/Mykho/Documents/repos/AES-Engine-Digital/MixColumns/MixColumns.vhd Line: 34
    Info (15718): Pin "RawData[81]" is virtual input pin File: C:/Users/Mykho/Documents/repos/AES-Engine-Digital/MixColumns/MixColumns.vhd Line: 34
    Info (15718): Pin "RawData[82]" is virtual input pin File: C:/Users/Mykho/Documents/repos/AES-Engine-Digital/MixColumns/MixColumns.vhd Line: 34
    Info (15718): Pin "RawData[83]" is virtual input pin File: C:/Users/Mykho/Documents/repos/AES-Engine-Digital/MixColumns/MixColumns.vhd Line: 34
    Info (15718): Pin "RawData[84]" is virtual input pin File: C:/Users/Mykho/Documents/repos/AES-Engine-Digital/MixColumns/MixColumns.vhd Line: 34
    Info (15718): Pin "RawData[85]" is virtual input pin File: C:/Users/Mykho/Documents/repos/AES-Engine-Digital/MixColumns/MixColumns.vhd Line: 34
    Info (15718): Pin "RawData[86]" is virtual input pin File: C:/Users/Mykho/Documents/repos/AES-Engine-Digital/MixColumns/MixColumns.vhd Line: 34
    Info (15718): Pin "RawData[87]" is virtual input pin File: C:/Users/Mykho/Documents/repos/AES-Engine-Digital/MixColumns/MixColumns.vhd Line: 34
    Info (15718): Pin "RawData[88]" is virtual input pin File: C:/Users/Mykho/Documents/repos/AES-Engine-Digital/MixColumns/MixColumns.vhd Line: 34
    Info (15718): Pin "RawData[89]" is virtual input pin File: C:/Users/Mykho/Documents/repos/AES-Engine-Digital/MixColumns/MixColumns.vhd Line: 34
    Info (15718): Pin "RawData[90]" is virtual input pin File: C:/Users/Mykho/Documents/repos/AES-Engine-Digital/MixColumns/MixColumns.vhd Line: 34
    Info (15718): Pin "RawData[91]" is virtual input pin File: C:/Users/Mykho/Documents/repos/AES-Engine-Digital/MixColumns/MixColumns.vhd Line: 34
    Info (15718): Pin "RawData[92]" is virtual input pin File: C:/Users/Mykho/Documents/repos/AES-Engine-Digital/MixColumns/MixColumns.vhd Line: 34
    Info (15718): Pin "RawData[93]" is virtual input pin File: C:/Users/Mykho/Documents/repos/AES-Engine-Digital/MixColumns/MixColumns.vhd Line: 34
    Info (15718): Pin "RawData[94]" is virtual input pin File: C:/Users/Mykho/Documents/repos/AES-Engine-Digital/MixColumns/MixColumns.vhd Line: 34
    Info (15718): Pin "RawData[95]" is virtual input pin File: C:/Users/Mykho/Documents/repos/AES-Engine-Digital/MixColumns/MixColumns.vhd Line: 34
    Info (15719): Pin "Encrypted[0]" is virtual output pin File: C:/Users/Mykho/Documents/repos/AES-Engine-Digital/MixColumns/MixColumns.vhd Line: 35
    Info (15719): Pin "Encrypted[1]" is virtual output pin File: C:/Users/Mykho/Documents/repos/AES-Engine-Digital/MixColumns/MixColumns.vhd Line: 35
    Info (15719): Pin "Encrypted[2]" is virtual output pin File: C:/Users/Mykho/Documents/repos/AES-Engine-Digital/MixColumns/MixColumns.vhd Line: 35
    Info (15719): Pin "Encrypted[3]" is virtual output pin File: C:/Users/Mykho/Documents/repos/AES-Engine-Digital/MixColumns/MixColumns.vhd Line: 35
    Info (15719): Pin "Encrypted[4]" is virtual output pin File: C:/Users/Mykho/Documents/repos/AES-Engine-Digital/MixColumns/MixColumns.vhd Line: 35
    Info (15719): Pin "Encrypted[5]" is virtual output pin File: C:/Users/Mykho/Documents/repos/AES-Engine-Digital/MixColumns/MixColumns.vhd Line: 35
    Info (15719): Pin "Encrypted[6]" is virtual output pin File: C:/Users/Mykho/Documents/repos/AES-Engine-Digital/MixColumns/MixColumns.vhd Line: 35
    Info (15719): Pin "Encrypted[7]" is virtual output pin File: C:/Users/Mykho/Documents/repos/AES-Engine-Digital/MixColumns/MixColumns.vhd Line: 35
    Info (15719): Pin "Encrypted[8]" is virtual output pin File: C:/Users/Mykho/Documents/repos/AES-Engine-Digital/MixColumns/MixColumns.vhd Line: 35
    Info (15719): Pin "Encrypted[9]" is virtual output pin File: C:/Users/Mykho/Documents/repos/AES-Engine-Digital/MixColumns/MixColumns.vhd Line: 35
    Info (15719): Pin "Encrypted[10]" is virtual output pin File: C:/Users/Mykho/Documents/repos/AES-Engine-Digital/MixColumns/MixColumns.vhd Line: 35
    Info (15719): Pin "Encrypted[11]" is virtual output pin File: C:/Users/Mykho/Documents/repos/AES-Engine-Digital/MixColumns/MixColumns.vhd Line: 35
    Info (15719): Pin "Encrypted[12]" is virtual output pin File: C:/Users/Mykho/Documents/repos/AES-Engine-Digital/MixColumns/MixColumns.vhd Line: 35
    Info (15719): Pin "Encrypted[13]" is virtual output pin File: C:/Users/Mykho/Documents/repos/AES-Engine-Digital/MixColumns/MixColumns.vhd Line: 35
    Info (15719): Pin "Encrypted[14]" is virtual output pin File: C:/Users/Mykho/Documents/repos/AES-Engine-Digital/MixColumns/MixColumns.vhd Line: 35
    Info (15719): Pin "Encrypted[15]" is virtual output pin File: C:/Users/Mykho/Documents/repos/AES-Engine-Digital/MixColumns/MixColumns.vhd Line: 35
    Info (15719): Pin "Encrypted[16]" is virtual output pin File: C:/Users/Mykho/Documents/repos/AES-Engine-Digital/MixColumns/MixColumns.vhd Line: 35
    Info (15719): Pin "Encrypted[17]" is virtual output pin File: C:/Users/Mykho/Documents/repos/AES-Engine-Digital/MixColumns/MixColumns.vhd Line: 35
    Info (15719): Pin "Encrypted[18]" is virtual output pin File: C:/Users/Mykho/Documents/repos/AES-Engine-Digital/MixColumns/MixColumns.vhd Line: 35
    Info (15719): Pin "Encrypted[19]" is virtual output pin File: C:/Users/Mykho/Documents/repos/AES-Engine-Digital/MixColumns/MixColumns.vhd Line: 35
    Info (15719): Pin "Encrypted[20]" is virtual output pin File: C:/Users/Mykho/Documents/repos/AES-Engine-Digital/MixColumns/MixColumns.vhd Line: 35
    Info (15719): Pin "Encrypted[21]" is virtual output pin File: C:/Users/Mykho/Documents/repos/AES-Engine-Digital/MixColumns/MixColumns.vhd Line: 35
    Info (15719): Pin "Encrypted[22]" is virtual output pin File: C:/Users/Mykho/Documents/repos/AES-Engine-Digital/MixColumns/MixColumns.vhd Line: 35
    Info (15719): Pin "Encrypted[23]" is virtual output pin File: C:/Users/Mykho/Documents/repos/AES-Engine-Digital/MixColumns/MixColumns.vhd Line: 35
    Info (15719): Pin "Encrypted[24]" is virtual output pin File: C:/Users/Mykho/Documents/repos/AES-Engine-Digital/MixColumns/MixColumns.vhd Line: 35
    Info (15719): Pin "Encrypted[25]" is virtual output pin File: C:/Users/Mykho/Documents/repos/AES-Engine-Digital/MixColumns/MixColumns.vhd Line: 35
    Info (15719): Pin "Encrypted[26]" is virtual output pin File: C:/Users/Mykho/Documents/repos/AES-Engine-Digital/MixColumns/MixColumns.vhd Line: 35
    Info (15719): Pin "Encrypted[27]" is virtual output pin File: C:/Users/Mykho/Documents/repos/AES-Engine-Digital/MixColumns/MixColumns.vhd Line: 35
    Info (15719): Pin "Encrypted[28]" is virtual output pin File: C:/Users/Mykho/Documents/repos/AES-Engine-Digital/MixColumns/MixColumns.vhd Line: 35
    Info (15719): Pin "Encrypted[29]" is virtual output pin File: C:/Users/Mykho/Documents/repos/AES-Engine-Digital/MixColumns/MixColumns.vhd Line: 35
    Info (15719): Pin "Encrypted[30]" is virtual output pin File: C:/Users/Mykho/Documents/repos/AES-Engine-Digital/MixColumns/MixColumns.vhd Line: 35
    Info (15719): Pin "Encrypted[31]" is virtual output pin File: C:/Users/Mykho/Documents/repos/AES-Engine-Digital/MixColumns/MixColumns.vhd Line: 35
    Info (15719): Pin "Encrypted[32]" is virtual output pin File: C:/Users/Mykho/Documents/repos/AES-Engine-Digital/MixColumns/MixColumns.vhd Line: 35
    Info (15719): Pin "Encrypted[33]" is virtual output pin File: C:/Users/Mykho/Documents/repos/AES-Engine-Digital/MixColumns/MixColumns.vhd Line: 35
    Info (15719): Pin "Encrypted[34]" is virtual output pin File: C:/Users/Mykho/Documents/repos/AES-Engine-Digital/MixColumns/MixColumns.vhd Line: 35
    Info (15719): Pin "Encrypted[35]" is virtual output pin File: C:/Users/Mykho/Documents/repos/AES-Engine-Digital/MixColumns/MixColumns.vhd Line: 35
    Info (15719): Pin "Encrypted[36]" is virtual output pin File: C:/Users/Mykho/Documents/repos/AES-Engine-Digital/MixColumns/MixColumns.vhd Line: 35
    Info (15719): Pin "Encrypted[37]" is virtual output pin File: C:/Users/Mykho/Documents/repos/AES-Engine-Digital/MixColumns/MixColumns.vhd Line: 35
    Info (15719): Pin "Encrypted[38]" is virtual output pin File: C:/Users/Mykho/Documents/repos/AES-Engine-Digital/MixColumns/MixColumns.vhd Line: 35
    Info (15719): Pin "Encrypted[39]" is virtual output pin File: C:/Users/Mykho/Documents/repos/AES-Engine-Digital/MixColumns/MixColumns.vhd Line: 35
    Info (15719): Pin "Encrypted[40]" is virtual output pin File: C:/Users/Mykho/Documents/repos/AES-Engine-Digital/MixColumns/MixColumns.vhd Line: 35
    Info (15719): Pin "Encrypted[41]" is virtual output pin File: C:/Users/Mykho/Documents/repos/AES-Engine-Digital/MixColumns/MixColumns.vhd Line: 35
    Info (15719): Pin "Encrypted[42]" is virtual output pin File: C:/Users/Mykho/Documents/repos/AES-Engine-Digital/MixColumns/MixColumns.vhd Line: 35
    Info (15719): Pin "Encrypted[43]" is virtual output pin File: C:/Users/Mykho/Documents/repos/AES-Engine-Digital/MixColumns/MixColumns.vhd Line: 35
    Info (15719): Pin "Encrypted[44]" is virtual output pin File: C:/Users/Mykho/Documents/repos/AES-Engine-Digital/MixColumns/MixColumns.vhd Line: 35
    Info (15719): Pin "Encrypted[45]" is virtual output pin File: C:/Users/Mykho/Documents/repos/AES-Engine-Digital/MixColumns/MixColumns.vhd Line: 35
    Info (15719): Pin "Encrypted[46]" is virtual output pin File: C:/Users/Mykho/Documents/repos/AES-Engine-Digital/MixColumns/MixColumns.vhd Line: 35
    Info (15719): Pin "Encrypted[47]" is virtual output pin File: C:/Users/Mykho/Documents/repos/AES-Engine-Digital/MixColumns/MixColumns.vhd Line: 35
    Info (15719): Pin "Encrypted[48]" is virtual output pin File: C:/Users/Mykho/Documents/repos/AES-Engine-Digital/MixColumns/MixColumns.vhd Line: 35
    Info (15719): Pin "Encrypted[49]" is virtual output pin File: C:/Users/Mykho/Documents/repos/AES-Engine-Digital/MixColumns/MixColumns.vhd Line: 35
    Info (15719): Pin "Encrypted[50]" is virtual output pin File: C:/Users/Mykho/Documents/repos/AES-Engine-Digital/MixColumns/MixColumns.vhd Line: 35
    Info (15719): Pin "Encrypted[51]" is virtual output pin File: C:/Users/Mykho/Documents/repos/AES-Engine-Digital/MixColumns/MixColumns.vhd Line: 35
    Info (15719): Pin "Encrypted[52]" is virtual output pin File: C:/Users/Mykho/Documents/repos/AES-Engine-Digital/MixColumns/MixColumns.vhd Line: 35
    Info (15719): Pin "Encrypted[53]" is virtual output pin File: C:/Users/Mykho/Documents/repos/AES-Engine-Digital/MixColumns/MixColumns.vhd Line: 35
    Info (15719): Pin "Encrypted[54]" is virtual output pin File: C:/Users/Mykho/Documents/repos/AES-Engine-Digital/MixColumns/MixColumns.vhd Line: 35
    Info (15719): Pin "Encrypted[55]" is virtual output pin File: C:/Users/Mykho/Documents/repos/AES-Engine-Digital/MixColumns/MixColumns.vhd Line: 35
    Info (15719): Pin "Encrypted[56]" is virtual output pin File: C:/Users/Mykho/Documents/repos/AES-Engine-Digital/MixColumns/MixColumns.vhd Line: 35
    Info (15719): Pin "Encrypted[57]" is virtual output pin File: C:/Users/Mykho/Documents/repos/AES-Engine-Digital/MixColumns/MixColumns.vhd Line: 35
    Info (15719): Pin "Encrypted[58]" is virtual output pin File: C:/Users/Mykho/Documents/repos/AES-Engine-Digital/MixColumns/MixColumns.vhd Line: 35
    Info (15719): Pin "Encrypted[59]" is virtual output pin File: C:/Users/Mykho/Documents/repos/AES-Engine-Digital/MixColumns/MixColumns.vhd Line: 35
    Info (15719): Pin "Encrypted[60]" is virtual output pin File: C:/Users/Mykho/Documents/repos/AES-Engine-Digital/MixColumns/MixColumns.vhd Line: 35
    Info (15719): Pin "Encrypted[61]" is virtual output pin File: C:/Users/Mykho/Documents/repos/AES-Engine-Digital/MixColumns/MixColumns.vhd Line: 35
    Info (15719): Pin "Encrypted[62]" is virtual output pin File: C:/Users/Mykho/Documents/repos/AES-Engine-Digital/MixColumns/MixColumns.vhd Line: 35
    Info (15719): Pin "Encrypted[63]" is virtual output pin File: C:/Users/Mykho/Documents/repos/AES-Engine-Digital/MixColumns/MixColumns.vhd Line: 35
    Info (15719): Pin "Encrypted[64]" is virtual output pin File: C:/Users/Mykho/Documents/repos/AES-Engine-Digital/MixColumns/MixColumns.vhd Line: 35
    Info (15719): Pin "Encrypted[65]" is virtual output pin File: C:/Users/Mykho/Documents/repos/AES-Engine-Digital/MixColumns/MixColumns.vhd Line: 35
    Info (15719): Pin "Encrypted[66]" is virtual output pin File: C:/Users/Mykho/Documents/repos/AES-Engine-Digital/MixColumns/MixColumns.vhd Line: 35
    Info (15719): Pin "Encrypted[67]" is virtual output pin File: C:/Users/Mykho/Documents/repos/AES-Engine-Digital/MixColumns/MixColumns.vhd Line: 35
    Info (15719): Pin "Encrypted[68]" is virtual output pin File: C:/Users/Mykho/Documents/repos/AES-Engine-Digital/MixColumns/MixColumns.vhd Line: 35
    Info (15719): Pin "Encrypted[69]" is virtual output pin File: C:/Users/Mykho/Documents/repos/AES-Engine-Digital/MixColumns/MixColumns.vhd Line: 35
    Info (15719): Pin "Encrypted[70]" is virtual output pin File: C:/Users/Mykho/Documents/repos/AES-Engine-Digital/MixColumns/MixColumns.vhd Line: 35
    Info (15719): Pin "Encrypted[71]" is virtual output pin File: C:/Users/Mykho/Documents/repos/AES-Engine-Digital/MixColumns/MixColumns.vhd Line: 35
    Info (15719): Pin "Encrypted[72]" is virtual output pin File: C:/Users/Mykho/Documents/repos/AES-Engine-Digital/MixColumns/MixColumns.vhd Line: 35
    Info (15719): Pin "Encrypted[73]" is virtual output pin File: C:/Users/Mykho/Documents/repos/AES-Engine-Digital/MixColumns/MixColumns.vhd Line: 35
    Info (15719): Pin "Encrypted[74]" is virtual output pin File: C:/Users/Mykho/Documents/repos/AES-Engine-Digital/MixColumns/MixColumns.vhd Line: 35
    Info (15719): Pin "Encrypted[75]" is virtual output pin File: C:/Users/Mykho/Documents/repos/AES-Engine-Digital/MixColumns/MixColumns.vhd Line: 35
    Info (15719): Pin "Encrypted[76]" is virtual output pin File: C:/Users/Mykho/Documents/repos/AES-Engine-Digital/MixColumns/MixColumns.vhd Line: 35
    Info (15719): Pin "Encrypted[77]" is virtual output pin File: C:/Users/Mykho/Documents/repos/AES-Engine-Digital/MixColumns/MixColumns.vhd Line: 35
    Info (15719): Pin "Encrypted[78]" is virtual output pin File: C:/Users/Mykho/Documents/repos/AES-Engine-Digital/MixColumns/MixColumns.vhd Line: 35
    Info (15719): Pin "Encrypted[79]" is virtual output pin File: C:/Users/Mykho/Documents/repos/AES-Engine-Digital/MixColumns/MixColumns.vhd Line: 35
    Info (15719): Pin "Encrypted[80]" is virtual output pin File: C:/Users/Mykho/Documents/repos/AES-Engine-Digital/MixColumns/MixColumns.vhd Line: 35
    Info (15719): Pin "Encrypted[81]" is virtual output pin File: C:/Users/Mykho/Documents/repos/AES-Engine-Digital/MixColumns/MixColumns.vhd Line: 35
    Info (15719): Pin "Encrypted[82]" is virtual output pin File: C:/Users/Mykho/Documents/repos/AES-Engine-Digital/MixColumns/MixColumns.vhd Line: 35
    Info (15719): Pin "Encrypted[83]" is virtual output pin File: C:/Users/Mykho/Documents/repos/AES-Engine-Digital/MixColumns/MixColumns.vhd Line: 35
    Info (15719): Pin "Encrypted[84]" is virtual output pin File: C:/Users/Mykho/Documents/repos/AES-Engine-Digital/MixColumns/MixColumns.vhd Line: 35
    Info (15719): Pin "Encrypted[85]" is virtual output pin File: C:/Users/Mykho/Documents/repos/AES-Engine-Digital/MixColumns/MixColumns.vhd Line: 35
    Info (15719): Pin "Encrypted[86]" is virtual output pin File: C:/Users/Mykho/Documents/repos/AES-Engine-Digital/MixColumns/MixColumns.vhd Line: 35
    Info (15719): Pin "Encrypted[87]" is virtual output pin File: C:/Users/Mykho/Documents/repos/AES-Engine-Digital/MixColumns/MixColumns.vhd Line: 35
    Info (15719): Pin "Encrypted[88]" is virtual output pin File: C:/Users/Mykho/Documents/repos/AES-Engine-Digital/MixColumns/MixColumns.vhd Line: 35
    Info (15719): Pin "Encrypted[89]" is virtual output pin File: C:/Users/Mykho/Documents/repos/AES-Engine-Digital/MixColumns/MixColumns.vhd Line: 35
    Info (15719): Pin "Encrypted[90]" is virtual output pin File: C:/Users/Mykho/Documents/repos/AES-Engine-Digital/MixColumns/MixColumns.vhd Line: 35
    Info (15719): Pin "Encrypted[91]" is virtual output pin File: C:/Users/Mykho/Documents/repos/AES-Engine-Digital/MixColumns/MixColumns.vhd Line: 35
    Info (15719): Pin "Encrypted[92]" is virtual output pin File: C:/Users/Mykho/Documents/repos/AES-Engine-Digital/MixColumns/MixColumns.vhd Line: 35
    Info (15719): Pin "Encrypted[93]" is virtual output pin File: C:/Users/Mykho/Documents/repos/AES-Engine-Digital/MixColumns/MixColumns.vhd Line: 35
    Info (15719): Pin "Encrypted[94]" is virtual output pin File: C:/Users/Mykho/Documents/repos/AES-Engine-Digital/MixColumns/MixColumns.vhd Line: 35
    Info (15719): Pin "Encrypted[95]" is virtual output pin File: C:/Users/Mykho/Documents/repos/AES-Engine-Digital/MixColumns/MixColumns.vhd Line: 35
    Info (15719): Pin "Encrypted[96]" is virtual output pin File: C:/Users/Mykho/Documents/repos/AES-Engine-Digital/MixColumns/MixColumns.vhd Line: 35
    Info (15719): Pin "Encrypted[97]" is virtual output pin File: C:/Users/Mykho/Documents/repos/AES-Engine-Digital/MixColumns/MixColumns.vhd Line: 35
    Info (15719): Pin "Encrypted[98]" is virtual output pin File: C:/Users/Mykho/Documents/repos/AES-Engine-Digital/MixColumns/MixColumns.vhd Line: 35
    Info (15719): Pin "Encrypted[99]" is virtual output pin File: C:/Users/Mykho/Documents/repos/AES-Engine-Digital/MixColumns/MixColumns.vhd Line: 35
    Info (15719): Pin "Encrypted[100]" is virtual output pin File: C:/Users/Mykho/Documents/repos/AES-Engine-Digital/MixColumns/MixColumns.vhd Line: 35
    Info (15719): Pin "Encrypted[101]" is virtual output pin File: C:/Users/Mykho/Documents/repos/AES-Engine-Digital/MixColumns/MixColumns.vhd Line: 35
    Info (15719): Pin "Encrypted[102]" is virtual output pin File: C:/Users/Mykho/Documents/repos/AES-Engine-Digital/MixColumns/MixColumns.vhd Line: 35
    Info (15719): Pin "Encrypted[103]" is virtual output pin File: C:/Users/Mykho/Documents/repos/AES-Engine-Digital/MixColumns/MixColumns.vhd Line: 35
    Info (15719): Pin "Encrypted[104]" is virtual output pin File: C:/Users/Mykho/Documents/repos/AES-Engine-Digital/MixColumns/MixColumns.vhd Line: 35
    Info (15719): Pin "Encrypted[105]" is virtual output pin File: C:/Users/Mykho/Documents/repos/AES-Engine-Digital/MixColumns/MixColumns.vhd Line: 35
    Info (15719): Pin "Encrypted[106]" is virtual output pin File: C:/Users/Mykho/Documents/repos/AES-Engine-Digital/MixColumns/MixColumns.vhd Line: 35
    Info (15719): Pin "Encrypted[107]" is virtual output pin File: C:/Users/Mykho/Documents/repos/AES-Engine-Digital/MixColumns/MixColumns.vhd Line: 35
    Info (15719): Pin "Encrypted[108]" is virtual output pin File: C:/Users/Mykho/Documents/repos/AES-Engine-Digital/MixColumns/MixColumns.vhd Line: 35
    Info (15719): Pin "Encrypted[109]" is virtual output pin File: C:/Users/Mykho/Documents/repos/AES-Engine-Digital/MixColumns/MixColumns.vhd Line: 35
    Info (15719): Pin "Encrypted[110]" is virtual output pin File: C:/Users/Mykho/Documents/repos/AES-Engine-Digital/MixColumns/MixColumns.vhd Line: 35
    Info (15719): Pin "Encrypted[111]" is virtual output pin File: C:/Users/Mykho/Documents/repos/AES-Engine-Digital/MixColumns/MixColumns.vhd Line: 35
    Info (15719): Pin "Encrypted[112]" is virtual output pin File: C:/Users/Mykho/Documents/repos/AES-Engine-Digital/MixColumns/MixColumns.vhd Line: 35
    Info (15719): Pin "Encrypted[113]" is virtual output pin File: C:/Users/Mykho/Documents/repos/AES-Engine-Digital/MixColumns/MixColumns.vhd Line: 35
    Info (15719): Pin "Encrypted[114]" is virtual output pin File: C:/Users/Mykho/Documents/repos/AES-Engine-Digital/MixColumns/MixColumns.vhd Line: 35
    Info (15719): Pin "Encrypted[115]" is virtual output pin File: C:/Users/Mykho/Documents/repos/AES-Engine-Digital/MixColumns/MixColumns.vhd Line: 35
    Info (15719): Pin "Encrypted[116]" is virtual output pin File: C:/Users/Mykho/Documents/repos/AES-Engine-Digital/MixColumns/MixColumns.vhd Line: 35
    Info (15719): Pin "Encrypted[117]" is virtual output pin File: C:/Users/Mykho/Documents/repos/AES-Engine-Digital/MixColumns/MixColumns.vhd Line: 35
    Info (15719): Pin "Encrypted[118]" is virtual output pin File: C:/Users/Mykho/Documents/repos/AES-Engine-Digital/MixColumns/MixColumns.vhd Line: 35
    Info (15719): Pin "Encrypted[119]" is virtual output pin File: C:/Users/Mykho/Documents/repos/AES-Engine-Digital/MixColumns/MixColumns.vhd Line: 35
    Info (15719): Pin "Encrypted[120]" is virtual output pin File: C:/Users/Mykho/Documents/repos/AES-Engine-Digital/MixColumns/MixColumns.vhd Line: 35
    Info (15719): Pin "Encrypted[121]" is virtual output pin File: C:/Users/Mykho/Documents/repos/AES-Engine-Digital/MixColumns/MixColumns.vhd Line: 35
    Info (15719): Pin "Encrypted[122]" is virtual output pin File: C:/Users/Mykho/Documents/repos/AES-Engine-Digital/MixColumns/MixColumns.vhd Line: 35
    Info (15719): Pin "Encrypted[123]" is virtual output pin File: C:/Users/Mykho/Documents/repos/AES-Engine-Digital/MixColumns/MixColumns.vhd Line: 35
    Info (15719): Pin "Encrypted[124]" is virtual output pin File: C:/Users/Mykho/Documents/repos/AES-Engine-Digital/MixColumns/MixColumns.vhd Line: 35
    Info (15719): Pin "Encrypted[125]" is virtual output pin File: C:/Users/Mykho/Documents/repos/AES-Engine-Digital/MixColumns/MixColumns.vhd Line: 35
    Info (15719): Pin "Encrypted[126]" is virtual output pin File: C:/Users/Mykho/Documents/repos/AES-Engine-Digital/MixColumns/MixColumns.vhd Line: 35
    Info (15719): Pin "Encrypted[127]" is virtual output pin File: C:/Users/Mykho/Documents/repos/AES-Engine-Digital/MixColumns/MixColumns.vhd Line: 35
    Info (15718): Pin "RawData[96]" is virtual input pin File: C:/Users/Mykho/Documents/repos/AES-Engine-Digital/MixColumns/MixColumns.vhd Line: 34
    Info (15718): Pin "RawData[97]" is virtual input pin File: C:/Users/Mykho/Documents/repos/AES-Engine-Digital/MixColumns/MixColumns.vhd Line: 34
    Info (15718): Pin "RawData[98]" is virtual input pin File: C:/Users/Mykho/Documents/repos/AES-Engine-Digital/MixColumns/MixColumns.vhd Line: 34
    Info (15718): Pin "RawData[99]" is virtual input pin File: C:/Users/Mykho/Documents/repos/AES-Engine-Digital/MixColumns/MixColumns.vhd Line: 34
    Info (15718): Pin "RawData[100]" is virtual input pin File: C:/Users/Mykho/Documents/repos/AES-Engine-Digital/MixColumns/MixColumns.vhd Line: 34
    Info (15718): Pin "RawData[101]" is virtual input pin File: C:/Users/Mykho/Documents/repos/AES-Engine-Digital/MixColumns/MixColumns.vhd Line: 34
    Info (15718): Pin "RawData[102]" is virtual input pin File: C:/Users/Mykho/Documents/repos/AES-Engine-Digital/MixColumns/MixColumns.vhd Line: 34
    Info (15718): Pin "RawData[103]" is virtual input pin File: C:/Users/Mykho/Documents/repos/AES-Engine-Digital/MixColumns/MixColumns.vhd Line: 34
    Info (15718): Pin "RawData[104]" is virtual input pin File: C:/Users/Mykho/Documents/repos/AES-Engine-Digital/MixColumns/MixColumns.vhd Line: 34
    Info (15718): Pin "RawData[105]" is virtual input pin File: C:/Users/Mykho/Documents/repos/AES-Engine-Digital/MixColumns/MixColumns.vhd Line: 34
    Info (15718): Pin "RawData[106]" is virtual input pin File: C:/Users/Mykho/Documents/repos/AES-Engine-Digital/MixColumns/MixColumns.vhd Line: 34
    Info (15718): Pin "RawData[107]" is virtual input pin File: C:/Users/Mykho/Documents/repos/AES-Engine-Digital/MixColumns/MixColumns.vhd Line: 34
    Info (15718): Pin "RawData[108]" is virtual input pin File: C:/Users/Mykho/Documents/repos/AES-Engine-Digital/MixColumns/MixColumns.vhd Line: 34
    Info (15718): Pin "RawData[109]" is virtual input pin File: C:/Users/Mykho/Documents/repos/AES-Engine-Digital/MixColumns/MixColumns.vhd Line: 34
    Info (15718): Pin "RawData[110]" is virtual input pin File: C:/Users/Mykho/Documents/repos/AES-Engine-Digital/MixColumns/MixColumns.vhd Line: 34
    Info (15718): Pin "RawData[111]" is virtual input pin File: C:/Users/Mykho/Documents/repos/AES-Engine-Digital/MixColumns/MixColumns.vhd Line: 34
    Info (15718): Pin "RawData[112]" is virtual input pin File: C:/Users/Mykho/Documents/repos/AES-Engine-Digital/MixColumns/MixColumns.vhd Line: 34
    Info (15718): Pin "RawData[113]" is virtual input pin File: C:/Users/Mykho/Documents/repos/AES-Engine-Digital/MixColumns/MixColumns.vhd Line: 34
    Info (15718): Pin "RawData[114]" is virtual input pin File: C:/Users/Mykho/Documents/repos/AES-Engine-Digital/MixColumns/MixColumns.vhd Line: 34
    Info (15718): Pin "RawData[115]" is virtual input pin File: C:/Users/Mykho/Documents/repos/AES-Engine-Digital/MixColumns/MixColumns.vhd Line: 34
    Info (15718): Pin "RawData[116]" is virtual input pin File: C:/Users/Mykho/Documents/repos/AES-Engine-Digital/MixColumns/MixColumns.vhd Line: 34
    Info (15718): Pin "RawData[117]" is virtual input pin File: C:/Users/Mykho/Documents/repos/AES-Engine-Digital/MixColumns/MixColumns.vhd Line: 34
    Info (15718): Pin "RawData[118]" is virtual input pin File: C:/Users/Mykho/Documents/repos/AES-Engine-Digital/MixColumns/MixColumns.vhd Line: 34
    Info (15718): Pin "RawData[119]" is virtual input pin File: C:/Users/Mykho/Documents/repos/AES-Engine-Digital/MixColumns/MixColumns.vhd Line: 34
    Info (15718): Pin "RawData[120]" is virtual input pin File: C:/Users/Mykho/Documents/repos/AES-Engine-Digital/MixColumns/MixColumns.vhd Line: 34
    Info (15718): Pin "RawData[121]" is virtual input pin File: C:/Users/Mykho/Documents/repos/AES-Engine-Digital/MixColumns/MixColumns.vhd Line: 34
    Info (15718): Pin "RawData[122]" is virtual input pin File: C:/Users/Mykho/Documents/repos/AES-Engine-Digital/MixColumns/MixColumns.vhd Line: 34
    Info (15718): Pin "RawData[123]" is virtual input pin File: C:/Users/Mykho/Documents/repos/AES-Engine-Digital/MixColumns/MixColumns.vhd Line: 34
    Info (15718): Pin "RawData[124]" is virtual input pin File: C:/Users/Mykho/Documents/repos/AES-Engine-Digital/MixColumns/MixColumns.vhd Line: 34
    Info (15718): Pin "RawData[125]" is virtual input pin File: C:/Users/Mykho/Documents/repos/AES-Engine-Digital/MixColumns/MixColumns.vhd Line: 34
    Info (15718): Pin "RawData[126]" is virtual input pin File: C:/Users/Mykho/Documents/repos/AES-Engine-Digital/MixColumns/MixColumns.vhd Line: 34
    Info (15718): Pin "RawData[127]" is virtual input pin File: C:/Users/Mykho/Documents/repos/AES-Engine-Digital/MixColumns/MixColumns.vhd Line: 34
Info (21057): Implemented 256 device resources after synthesis - the final resource count might be different
    Info (21058): Implemented 0 input pins
    Info (21059): Implemented 0 output pins
    Info (21061): Implemented 256 logic cells
Info: Quartus Prime Analysis & Synthesis was successful. 0 errors, 98 warnings
    Info: Peak virtual memory: 4873 megabytes
    Info: Processing ended: Fri Dec 21 14:41:11 2018
    Info: Elapsed time: 00:00:18
    Info: Total CPU time (on all processors): 00:00:36


