Flow report for MixColumns
Mon Dec 24 12:04:56 2018
Quartus Prime Version 17.0.0 Build 595 04/25/2017 SJ Standard Edition


---------------------
; Table of Contents ;
---------------------
  1. Legal Notice
  2. Flow Summary
  3. Flow Settings
  4. Flow Non-Default Global Settings
  5. Flow Elapsed Time
  6. Flow OS Summary
  7. Flow Log
  8. Flow Messages
  9. Flow Suppressed Messages



----------------
; Legal Notice ;
----------------
Copyright (C) 2017  Intel Corporation. All rights reserved.
Your use of Intel Corporation's design tools, logic functions 
and other software and tools, and its AMPP partner logic 
functions, and any output files from any of the foregoing 
(including device programming or simulation files), and any 
associated documentation or information are expressly subject 
to the terms and conditions of the Intel Program License 
Subscription Agreement, the Intel Quartus Prime License Agreement,
the Intel MegaCore Function License Agreement, or other 
applicable license agreement, including, without limitation, 
that your use is for the sole purpose of programming logic 
devices manufactured by Intel and sold by Intel or its 
authorized distributors.  Please refer to the applicable 
agreement for further details.



+-----------------------------------------------------------------------------------+
; Flow Summary                                                                      ;
+---------------------------------+-------------------------------------------------+
; Flow Status                     ; Successful - Mon Dec 24 12:04:56 2018           ;
; Quartus Prime Version           ; 17.0.0 Build 595 04/25/2017 SJ Standard Edition ;
; Revision Name                   ; MixColumns                                      ;
; Top-level Entity Name           ; MixColumns                                      ;
; Family                          ; Cyclone V                                       ;
; Device                          ; 5CGXFC7C7F23C8                                  ;
; Timing Models                   ; Final                                           ;
; Logic utilization (in ALMs)     ; 205 / 56,480 ( < 1 % )                          ;
; Total registers                 ; 0                                               ;
; Total pins                      ; 0 / 268 ( 0 % )                                 ;
; Total virtual pins              ; 256                                             ;
; Total block memory bits         ; 0 / 7,024,640 ( 0 % )                           ;
; Total DSP Blocks                ; 0 / 156 ( 0 % )                                 ;
; Total HSSI RX PCSs              ; 0 / 6 ( 0 % )                                   ;
; Total HSSI PMA RX Deserializers ; 0 / 6 ( 0 % )                                   ;
; Total HSSI TX PCSs              ; 0 / 6 ( 0 % )                                   ;
; Total HSSI PMA TX Serializers   ; 0 / 6 ( 0 % )                                   ;
; Total PLLs                      ; 0 / 13 ( 0 % )                                  ;
; Total DLLs                      ; 0 / 4 ( 0 % )                                   ;
+---------------------------------+-------------------------------------------------+


+-----------------------------------------+
; Flow Settings                           ;
+-------------------+---------------------+
; Option            ; Setting             ;
+-------------------+---------------------+
; Start date & time ; 12/24/2018 12:03:28 ;
; Main task         ; Compilation         ;
; Revision Name     ; MixColumns          ;
+-------------------+---------------------+


+-----------------------------------------------------------------------------------------------------------------------------------------------------------------------+
; Flow Non-Default Global Settings                                                                                                                                      ;
+------------------------------------------------+-----------------------------------------------------------------------+---------------+-------------+----------------+
; Assignment Name                                ; Value                                                                 ; Default Value ; Entity Name ; Section Id     ;
+------------------------------------------------+-----------------------------------------------------------------------+---------------+-------------+----------------+
; COMPILER_SIGNATURE_ID                          ; 31573043701597.154564940815200                                        ; --            ; --          ; --             ;
; EDA_SIMULATION_TOOL                            ; ModelSim (VHDL)                                                       ; <None>        ; --          ; --             ;
; EDA_USER_COMPILED_SIMULATION_LIBRARY_DIRECTORY ; C:\Users\Mykho\Documents\repos\AES-Engine-Digital\MixColumnsTestBench ; --            ; --          ; eda_simulation ;
; PARTITION_COLOR                                ; -- (Not supported for targeted family)                                ; --            ; --          ; Top            ;
; PARTITION_FITTER_PRESERVATION_LEVEL            ; -- (Not supported for targeted family)                                ; --            ; --          ; Top            ;
; PARTITION_NETLIST_TYPE                         ; -- (Not supported for targeted family)                                ; --            ; --          ; Top            ;
; PROJECT_OUTPUT_DIRECTORY                       ; output_files                                                          ; --            ; --          ; --             ;
+------------------------------------------------+-----------------------------------------------------------------------+---------------+-------------+----------------+


+-------------------------------------------------------------------------------------------------------------------------------+
; Flow Elapsed Time                                                                                                             ;
+---------------------------+--------------+-------------------------+---------------------+------------------------------------+
; Module Name               ; Elapsed Time ; Average Processors Used ; Peak Virtual Memory ; Total CPU Time (on all processors) ;
+---------------------------+--------------+-------------------------+---------------------+------------------------------------+
; Analysis & Synthesis      ; 00:00:17     ; 1.0                     ; 4872 MB             ; 00:00:37                           ;
; Fitter                    ; 00:00:47     ; 1.0                     ; 6457 MB             ; 00:01:16                           ;
; Assembler                 ; 00:00:03     ; 1.0                     ; 4750 MB             ; 00:00:01                           ;
; TimeQuest Timing Analyzer ; 00:00:13     ; 1.1                     ; 5177 MB             ; 00:00:10                           ;
; EDA Netlist Writer        ; 00:00:02     ; 1.0                     ; 4753 MB             ; 00:00:02                           ;
; Total                     ; 00:01:22     ; --                      ; --                  ; 00:02:06                           ;
+---------------------------+--------------+-------------------------+---------------------+------------------------------------+


+-----------------------------------------------------------------------------------------+
; Flow OS Summary                                                                         ;
+---------------------------+------------------+------------+------------+----------------+
; Module Name               ; Machine Hostname ; OS Name    ; OS Version ; Processor type ;
+---------------------------+------------------+------------+------------+----------------+
; Analysis & Synthesis      ; Mykho_Laptop     ; Windows 10 ; 10.0       ; x86_64         ;
; Fitter                    ; Mykho_Laptop     ; Windows 10 ; 10.0       ; x86_64         ;
; Assembler                 ; Mykho_Laptop     ; Windows 10 ; 10.0       ; x86_64         ;
; TimeQuest Timing Analyzer ; Mykho_Laptop     ; Windows 10 ; 10.0       ; x86_64         ;
; EDA Netlist Writer        ; Mykho_Laptop     ; Windows 10 ; 10.0       ; x86_64         ;
+---------------------------+------------------+------------+------------+----------------+


------------
; Flow Log ;
------------
quartus_map --read_settings_files=on --write_settings_files=off MixColumns -c MixColumns
quartus_fit --read_settings_files=off --write_settings_files=off MixColumns -c MixColumns
quartus_asm --read_settings_files=off --write_settings_files=off MixColumns -c MixColumns
quartus_sta MixColumns -c MixColumns
quartus_eda --read_settings_files=off --write_settings_files=off MixColumns -c MixColumns



