Analysis & Synthesis report for KeyScheduler
Fri Jan 11 17:25:56 2019
Quartus Prime Version 17.0.0 Build 595 04/25/2017 SJ Standard Edition


---------------------
; Table of Contents ;
---------------------
  1. Legal Notice
  2. Analysis & Synthesis Summary
  3. Analysis & Synthesis Settings
  4. Parallel Compilation
  5. Analysis & Synthesis Source Files Read
  6. Analysis & Synthesis Resource Usage Summary
  7. Analysis & Synthesis Resource Utilization by Entity
  8. Registers Removed During Synthesis
  9. General Register Statistics
 10. Multiplexer Restructuring Statistics (Restructuring Performed)
 11. Post-Synthesis Netlist Statistics for Top Partition
 12. Elapsed Time Per Partition
 13. Analysis & Synthesis Messages



----------------
; Legal Notice ;
----------------
Copyright (C) 2017  Intel Corporation. All rights reserved.
Your use of Intel Corporation's design tools, logic functions 
and other software and tools, and its AMPP partner logic 
functions, and any output files from any of the foregoing 
(including device programming or simulation files), and any 
associated documentation or information are expressly subject 
to the terms and conditions of the Intel Program License 
Subscription Agreement, the Intel Quartus Prime License Agreement,
the Intel MegaCore Function License Agreement, or other 
applicable license agreement, including, without limitation, 
that your use is for the sole purpose of programming logic 
devices manufactured by Intel and sold by Intel or its 
authorized distributors.  Please refer to the applicable 
agreement for further details.



+-----------------------------------------------------------------------------------+
; Analysis & Synthesis Summary                                                      ;
+---------------------------------+-------------------------------------------------+
; Analysis & Synthesis Status     ; Successful - Fri Jan 11 17:25:56 2019           ;
; Quartus Prime Version           ; 17.0.0 Build 595 04/25/2017 SJ Standard Edition ;
; Revision Name                   ; KeyScheduler                                    ;
; Top-level Entity Name           ; KeySchedulerTopLevel                            ;
; Family                          ; Cyclone V                                       ;
; Logic utilization (in ALMs)     ; N/A                                             ;
; Total registers                 ; 32                                              ;
; Total pins                      ; 0                                               ;
; Total virtual pins              ; 259                                             ;
; Total block memory bits         ; 0                                               ;
; Total DSP Blocks                ; 0                                               ;
; Total HSSI RX PCSs              ; 0                                               ;
; Total HSSI PMA RX Deserializers ; 0                                               ;
; Total HSSI TX PCSs              ; 0                                               ;
; Total HSSI PMA TX Serializers   ; 0                                               ;
; Total PLLs                      ; 0                                               ;
; Total DLLs                      ; 0                                               ;
+---------------------------------+-------------------------------------------------+


+-----------------------------------------------------------------------------------------------------------------------------+
; Analysis & Synthesis Settings                                                                                               ;
+---------------------------------------------------------------------------------+----------------------+--------------------+
; Option                                                                          ; Setting              ; Default Value      ;
+---------------------------------------------------------------------------------+----------------------+--------------------+
; Device                                                                          ; 5CGXFC7C7F23C8       ;                    ;
; Top-level entity name                                                           ; KeySchedulerTopLevel ; KeyScheduler       ;
; Family name                                                                     ; Cyclone V            ; Cyclone V          ;
; Use smart compilation                                                           ; Off                  ; Off                ;
; Enable parallel Assembler and TimeQuest Timing Analyzer during compilation      ; On                   ; On                 ;
; Enable compact report table                                                     ; Off                  ; Off                ;
; Restructure Multiplexers                                                        ; Auto                 ; Auto               ;
; MLAB Add Timing Constraints For Mixed-Port Feed-Through Mode Setting Don't Care ; Off                  ; Off                ;
; Create Debugging Nodes for IP Cores                                             ; Off                  ; Off                ;
; Preserve fewer node names                                                       ; On                   ; On                 ;
; OpenCore Plus hardware evaluation                                               ; Enable               ; Enable             ;
; Verilog Version                                                                 ; Verilog_2001         ; Verilog_2001       ;
; VHDL Version                                                                    ; VHDL_1993            ; VHDL_1993          ;
; State Machine Processing                                                        ; Auto                 ; Auto               ;
; Safe State Machine                                                              ; Off                  ; Off                ;
; Extract Verilog State Machines                                                  ; On                   ; On                 ;
; Extract VHDL State Machines                                                     ; On                   ; On                 ;
; Ignore Verilog initial constructs                                               ; Off                  ; Off                ;
; Iteration limit for constant Verilog loops                                      ; 5000                 ; 5000               ;
; Iteration limit for non-constant Verilog loops                                  ; 250                  ; 250                ;
; Add Pass-Through Logic to Inferred RAMs                                         ; On                   ; On                 ;
; Infer RAMs from Raw Logic                                                       ; On                   ; On                 ;
; Parallel Synthesis                                                              ; On                   ; On                 ;
; DSP Block Balancing                                                             ; Auto                 ; Auto               ;
; NOT Gate Push-Back                                                              ; On                   ; On                 ;
; Power-Up Don't Care                                                             ; On                   ; On                 ;
; Remove Redundant Logic Cells                                                    ; Off                  ; Off                ;
; Remove Duplicate Registers                                                      ; On                   ; On                 ;
; Ignore CARRY Buffers                                                            ; Off                  ; Off                ;
; Ignore CASCADE Buffers                                                          ; Off                  ; Off                ;
; Ignore GLOBAL Buffers                                                           ; Off                  ; Off                ;
; Ignore ROW GLOBAL Buffers                                                       ; Off                  ; Off                ;
; Ignore LCELL Buffers                                                            ; Off                  ; Off                ;
; Ignore SOFT Buffers                                                             ; On                   ; On                 ;
; Limit AHDL Integers to 32 Bits                                                  ; Off                  ; Off                ;
; Optimization Technique                                                          ; Balanced             ; Balanced           ;
; Carry Chain Length                                                              ; 70                   ; 70                 ;
; Auto Carry Chains                                                               ; On                   ; On                 ;
; Auto Open-Drain Pins                                                            ; On                   ; On                 ;
; Perform WYSIWYG Primitive Resynthesis                                           ; Off                  ; Off                ;
; Auto ROM Replacement                                                            ; On                   ; On                 ;
; Auto RAM Replacement                                                            ; On                   ; On                 ;
; Auto DSP Block Replacement                                                      ; On                   ; On                 ;
; Auto Shift Register Replacement                                                 ; Auto                 ; Auto               ;
; Allow Shift Register Merging across Hierarchies                                 ; Auto                 ; Auto               ;
; Auto Clock Enable Replacement                                                   ; On                   ; On                 ;
; Strict RAM Replacement                                                          ; Off                  ; Off                ;
; Allow Synchronous Control Signals                                               ; On                   ; On                 ;
; Force Use of Synchronous Clear Signals                                          ; Off                  ; Off                ;
; Auto Resource Sharing                                                           ; Off                  ; Off                ;
; Allow Any RAM Size For Recognition                                              ; Off                  ; Off                ;
; Allow Any ROM Size For Recognition                                              ; Off                  ; Off                ;
; Allow Any Shift Register Size For Recognition                                   ; Off                  ; Off                ;
; Use LogicLock Constraints during Resource Balancing                             ; On                   ; On                 ;
; Ignore translate_off and synthesis_off directives                               ; Off                  ; Off                ;
; Timing-Driven Synthesis                                                         ; On                   ; On                 ;
; Report Parameter Settings                                                       ; On                   ; On                 ;
; Report Source Assignments                                                       ; On                   ; On                 ;
; Report Connectivity Checks                                                      ; On                   ; On                 ;
; Ignore Maximum Fan-Out Assignments                                              ; Off                  ; Off                ;
; Synchronization Register Chain Length                                           ; 3                    ; 3                  ;
; PowerPlay Power Optimization During Synthesis                                   ; Normal compilation   ; Normal compilation ;
; HDL message level                                                               ; Level2               ; Level2             ;
; Suppress Register Optimization Related Messages                                 ; Off                  ; Off                ;
; Number of Removed Registers Reported in Synthesis Report                        ; 5000                 ; 5000               ;
; Number of Swept Nodes Reported in Synthesis Report                              ; 5000                 ; 5000               ;
; Number of Inverted Registers Reported in Synthesis Report                       ; 100                  ; 100                ;
; Clock MUX Protection                                                            ; On                   ; On                 ;
; Auto Gated Clock Conversion                                                     ; Off                  ; Off                ;
; Block Design Naming                                                             ; Auto                 ; Auto               ;
; SDC constraint protection                                                       ; Off                  ; Off                ;
; Synthesis Effort                                                                ; Auto                 ; Auto               ;
; Shift Register Replacement - Allow Asynchronous Clear Signal                    ; On                   ; On                 ;
; Pre-Mapping Resynthesis Optimization                                            ; Off                  ; Off                ;
; Analysis & Synthesis Message Level                                              ; Medium               ; Medium             ;
; Disable Register Merging Across Hierarchies                                     ; Auto                 ; Auto               ;
; Resource Aware Inference For Block RAM                                          ; On                   ; On                 ;
; Automatic Parallel Synthesis                                                    ; On                   ; On                 ;
; Partial Reconfiguration Bitstream ID                                            ; Off                  ; Off                ;
+---------------------------------------------------------------------------------+----------------------+--------------------+


+------------------------------------------+
; Parallel Compilation                     ;
+----------------------------+-------------+
; Processors                 ; Number      ;
+----------------------------+-------------+
; Number detected on machine ; 4           ;
; Maximum allowed            ; 2           ;
;                            ;             ;
; Average used               ; 1.00        ;
; Maximum used               ; 1           ;
;                            ;             ;
; Usage by Processor         ; % Time Used ;
;     Processor 1            ; 100.0%      ;
+----------------------------+-------------+


+---------------------------------------------------------------------------------------------------------------------------------------------------------------------------------------------+
; Analysis & Synthesis Source Files Read                                                                                                                                                      ;
+----------------------------------+-----------------+------------------------------------+-----------------------------------------------------------------------------------------+---------+
; File Name with User-Entered Path ; Used in Netlist ; File Type                          ; File Name with Absolute Path                                                            ; Library ;
+----------------------------------+-----------------+------------------------------------+-----------------------------------------------------------------------------------------+---------+
; ../SBoxTemp/S_Box.vhdl           ; yes             ; User VHDL File                     ; C:/Users/Mykho/Documents/repos/AES-Engine-Digital/SBoxTemp/S_Box.vhdl                   ;         ;
; KeyScheduler.bdf                 ; yes             ; User Block Diagram/Schematic File  ; C:/Users/Mykho/Documents/repos/AES-Engine-Digital/KeyScheduler/KeyScheduler.bdf         ;         ;
; KeySchedulerTopLevel.bdf         ; yes             ; User Block Diagram/Schematic File  ; C:/Users/Mykho/Documents/repos/AES-Engine-Digital/KeyScheduler/KeySchedulerTopLevel.bdf ;         ;
; ExpandKeys.vhd                   ; yes             ; User VHDL File                     ; C:/Users/Mykho/Documents/repos/AES-Engine-Digital/KeyScheduler/ExpandKeys.vhd           ;         ;
+----------------------------------+-----------------+------------------------------------+-----------------------------------------------------------------------------------------+---------+


+-----------------------------------------------------------------------------------------------+
; Analysis & Synthesis Resource Usage Summary                                                   ;
+---------------------------------------------+-------------------------------------------------+
; Resource                                    ; Usage                                           ;
+---------------------------------------------+-------------------------------------------------+
; Estimate of Logic utilization (ALMs needed) ; 290                                             ;
;                                             ;                                                 ;
; Combinational ALUT usage for logic          ; 161                                             ;
;     -- 7 input functions                    ; 0                                               ;
;     -- 6 input functions                    ; 160                                             ;
;     -- 5 input functions                    ; 0                                               ;
;     -- 4 input functions                    ; 0                                               ;
;     -- <=3 input functions                  ; 1                                               ;
;                                             ;                                                 ;
; Dedicated logic registers                   ; 32                                              ;
;                                             ;                                                 ;
; Virtual pins                                ; 259                                             ;
; I/O pins                                    ; 0                                               ;
;                                             ;                                                 ;
; Total DSP Blocks                            ; 0                                               ;
;                                             ;                                                 ;
; Maximum fan-out node                        ; KeyScheduler:inst|ExpandKeys:inst6|Key_I[127]~0 ;
; Maximum fan-out                             ; 32                                              ;
; Total fan-out                               ; 1090                                            ;
; Average fan-out                             ; 2.41                                            ;
+---------------------------------------------+-------------------------------------------------+


+--------------------------------------------------------------------------------------------------------------------------------------------------------------------------------------------------------------------------------------+
; Analysis & Synthesis Resource Utilization by Entity                                                                                                                                                                                  ;
+----------------------------+---------------------+---------------------------+-------------------+------------+------+--------------+----------------------------------------------------------+----------------------+--------------+
; Compilation Hierarchy Node ; Combinational ALUTs ; Dedicated Logic Registers ; Block Memory Bits ; DSP Blocks ; Pins ; Virtual Pins ; Full Hierarchy Name                                      ; Entity Name          ; Library Name ;
+----------------------------+---------------------+---------------------------+-------------------+------------+------+--------------+----------------------------------------------------------+----------------------+--------------+
; |KeySchedulerTopLevel      ; 161 (0)             ; 32 (0)                    ; 0                 ; 0          ; 0    ; 259          ; |KeySchedulerTopLevel                                    ; KeySchedulerTopLevel ; work         ;
;    |KeyScheduler:inst|     ; 161 (0)             ; 32 (0)                    ; 0                 ; 0          ; 0    ; 0            ; |KeySchedulerTopLevel|KeyScheduler:inst                  ; KeyScheduler         ; work         ;
;       |ExpandKeys:inst6|   ; 161 (161)           ; 32 (32)                   ; 0                 ; 0          ; 0    ; 0            ; |KeySchedulerTopLevel|KeyScheduler:inst|ExpandKeys:inst6 ; ExpandKeys           ; work         ;
+----------------------------+---------------------+---------------------------+-------------------+------------+------+--------------+----------------------------------------------------------+----------------------+--------------+
Note: For table entries with two numbers listed, the numbers in parentheses indicate the number of resources of the given type used by the specific entity alone. The numbers listed outside of parentheses indicate the total resources of the given type used by the specific entity and all of its sub-entities in the hierarchy.


+------------------------------------------------------------------------------------------+
; Registers Removed During Synthesis                                                       ;
+-------------------------------------------------+----------------------------------------+
; Register name                                   ; Reason for Removal                     ;
+-------------------------------------------------+----------------------------------------+
; KeyScheduler:inst|ExpandKeys:inst6|Key_I[0..95] ; Stuck at GND due to stuck port data_in ;
; Total Number of Removed Registers = 96          ;                                        ;
+-------------------------------------------------+----------------------------------------+


+------------------------------------------------------+
; General Register Statistics                          ;
+----------------------------------------------+-------+
; Statistic                                    ; Value ;
+----------------------------------------------+-------+
; Total registers                              ; 32    ;
; Number of registers using Synchronous Clear  ; 0     ;
; Number of registers using Synchronous Load   ; 0     ;
; Number of registers using Asynchronous Clear ; 0     ;
; Number of registers using Asynchronous Load  ; 0     ;
; Number of registers using Clock Enable       ; 32    ;
; Number of registers using Preset             ; 0     ;
+----------------------------------------------+-------+


+-----------------------------------------------------------------------------------------------------------------------------------------------------------------------------------+
; Multiplexer Restructuring Statistics (Restructuring Performed)                                                                                                                    ;
+--------------------+-----------+---------------+----------------------+------------------------+------------+---------------------------------------------------------------------+
; Multiplexer Inputs ; Bus Width ; Baseline Area ; Area if Restructured ; Saving if Restructured ; Registered ; Example Multiplexer Output                                          ;
+--------------------+-----------+---------------+----------------------+------------------------+------------+---------------------------------------------------------------------+
; 16:1               ; 8 bits    ; 80 LEs        ; 80 LEs               ; 0 LEs                  ; Yes        ; |KeySchedulerTopLevel|KeyScheduler:inst|ExpandKeys:inst6|Key_I[127] ;
; 16:1               ; 8 bits    ; 80 LEs        ; 80 LEs               ; 0 LEs                  ; Yes        ; |KeySchedulerTopLevel|KeyScheduler:inst|ExpandKeys:inst6|Key_I[119] ;
; 16:1               ; 8 bits    ; 80 LEs        ; 80 LEs               ; 0 LEs                  ; Yes        ; |KeySchedulerTopLevel|KeyScheduler:inst|ExpandKeys:inst6|Key_I[111] ;
; 16:1               ; 8 bits    ; 80 LEs        ; 80 LEs               ; 0 LEs                  ; Yes        ; |KeySchedulerTopLevel|KeyScheduler:inst|ExpandKeys:inst6|Key_I[103] ;
+--------------------+-----------+---------------+----------------------+------------------------+------------+---------------------------------------------------------------------+


+-----------------------------------------------------+
; Post-Synthesis Netlist Statistics for Top Partition ;
+-----------------------+-----------------------------+
; Type                  ; Count                       ;
+-----------------------+-----------------------------+
; arriav_ff             ; 32                          ;
;     ENA               ; 32                          ;
; arriav_lcell_comb     ; 162                         ;
;     normal            ; 162                         ;
;         0 data inputs ; 1                           ;
;         2 data inputs ; 1                           ;
;         6 data inputs ; 160                         ;
; boundary_port         ; 259                         ;
;                       ;                             ;
; Max LUT depth         ; 2.00                        ;
; Average LUT depth     ; 1.69                        ;
+-----------------------+-----------------------------+


+-------------------------------+
; Elapsed Time Per Partition    ;
+----------------+--------------+
; Partition Name ; Elapsed Time ;
+----------------+--------------+
; Top            ; 00:00:01     ;
+----------------+--------------+


+-------------------------------+
; Analysis & Synthesis Messages ;
+-------------------------------+
Info: *******************************************************************
Info: Running Quartus Prime Analysis & Synthesis
    Info: Version 17.0.0 Build 595 04/25/2017 SJ Standard Edition
    Info: Processing started: Fri Jan 11 17:25:36 2019
Info: Command: quartus_map --read_settings_files=on --write_settings_files=off KeyScheduler -c KeyScheduler
Warning (18236): Number of processors has not been specified which may cause overloading on shared machines.  Set the global assignment NUM_PARALLEL_PROCESSORS in your QSF to an appropriate value for best performance.
Info (20030): Parallel compilation is enabled and will use 2 of the 2 processors detected
Info (12021): Found 2 design units, including 1 entities, in source file /users/mykho/documents/repos/aes-engine-digital/sboxtemp/s_box.vhdl
    Info (12022): Found design unit 1: S_Box-S_Box_architecture File: C:/Users/Mykho/Documents/repos/AES-Engine-Digital/SBoxTemp/S_Box.vhdl Line: 21
    Info (12023): Found entity 1: S_Box File: C:/Users/Mykho/Documents/repos/AES-Engine-Digital/SBoxTemp/S_Box.vhdl Line: 7
Info (12021): Found 1 design units, including 1 entities, in source file keyscheduler.bdf
    Info (12023): Found entity 1: KeyScheduler
Info (12021): Found 1 design units, including 1 entities, in source file keyschedulertoplevel.bdf
    Info (12023): Found entity 1: KeySchedulerTopLevel
Info (12021): Found 2 design units, including 1 entities, in source file expandkeys.vhd
    Info (12022): Found design unit 1: ExpandKeys-ExpandKeys_architecture File: C:/Users/Mykho/Documents/repos/AES-Engine-Digital/KeyScheduler/ExpandKeys.vhd Line: 49
    Info (12023): Found entity 1: ExpandKeys File: C:/Users/Mykho/Documents/repos/AES-Engine-Digital/KeyScheduler/ExpandKeys.vhd Line: 30
Info (12127): Elaborating entity "KeySchedulerTopLevel" for the top level hierarchy
Info (12128): Elaborating entity "KeyScheduler" for hierarchy "KeyScheduler:inst"
Warning (275014): INPUTC, OUTPUTC and BIDIRC pins not supported for pin "Key[127..0]"
Warning (275014): INPUTC, OUTPUTC and BIDIRC pins not supported for pin "clk"
Warning (275014): INPUTC, OUTPUTC and BIDIRC pins not supported for pin "nrst"
Warning (275014): INPUTC, OUTPUTC and BIDIRC pins not supported for pin "start"
Warning (275014): INPUTC, OUTPUTC and BIDIRC pins not supported for pin "Key_I[127..0]"
Info (12128): Elaborating entity "ExpandKeys" for hierarchy "KeyScheduler:inst|ExpandKeys:inst6"
Warning (10036): Verilog HDL or VHDL warning at ExpandKeys.vhd(52): object "word1" assigned a value but never read File: C:/Users/Mykho/Documents/repos/AES-Engine-Digital/KeyScheduler/ExpandKeys.vhd Line: 52
Warning (10036): Verilog HDL or VHDL warning at ExpandKeys.vhd(53): object "word2" assigned a value but never read File: C:/Users/Mykho/Documents/repos/AES-Engine-Digital/KeyScheduler/ExpandKeys.vhd Line: 53
Warning (10036): Verilog HDL or VHDL warning at ExpandKeys.vhd(54): object "word3" assigned a value but never read File: C:/Users/Mykho/Documents/repos/AES-Engine-Digital/KeyScheduler/ExpandKeys.vhd Line: 54
Warning (10873): Using initial value X (don't care) for net "SBox_command" at ExpandKeys.vhd(39) File: C:/Users/Mykho/Documents/repos/AES-Engine-Digital/KeyScheduler/ExpandKeys.vhd Line: 39
Info (12128): Elaborating entity "S_Box" for hierarchy "KeyScheduler:inst|S_Box:inst"
Warning (13024): Output pins are stuck at VCC or GND
    Warning (13410): Pin "Key_I[95]" is stuck at GND
    Warning (13410): Pin "Key_I[94]" is stuck at GND
    Warning (13410): Pin "Key_I[93]" is stuck at GND
    Warning (13410): Pin "Key_I[92]" is stuck at GND
    Warning (13410): Pin "Key_I[91]" is stuck at GND
    Warning (13410): Pin "Key_I[90]" is stuck at GND
    Warning (13410): Pin "Key_I[89]" is stuck at GND
    Warning (13410): Pin "Key_I[88]" is stuck at GND
    Warning (13410): Pin "Key_I[87]" is stuck at GND
    Warning (13410): Pin "Key_I[86]" is stuck at GND
    Warning (13410): Pin "Key_I[85]" is stuck at GND
    Warning (13410): Pin "Key_I[84]" is stuck at GND
    Warning (13410): Pin "Key_I[83]" is stuck at GND
    Warning (13410): Pin "Key_I[82]" is stuck at GND
    Warning (13410): Pin "Key_I[81]" is stuck at GND
    Warning (13410): Pin "Key_I[80]" is stuck at GND
    Warning (13410): Pin "Key_I[79]" is stuck at GND
    Warning (13410): Pin "Key_I[78]" is stuck at GND
    Warning (13410): Pin "Key_I[77]" is stuck at GND
    Warning (13410): Pin "Key_I[76]" is stuck at GND
    Warning (13410): Pin "Key_I[75]" is stuck at GND
    Warning (13410): Pin "Key_I[74]" is stuck at GND
    Warning (13410): Pin "Key_I[73]" is stuck at GND
    Warning (13410): Pin "Key_I[72]" is stuck at GND
    Warning (13410): Pin "Key_I[71]" is stuck at GND
    Warning (13410): Pin "Key_I[70]" is stuck at GND
    Warning (13410): Pin "Key_I[69]" is stuck at GND
    Warning (13410): Pin "Key_I[68]" is stuck at GND
    Warning (13410): Pin "Key_I[67]" is stuck at GND
    Warning (13410): Pin "Key_I[66]" is stuck at GND
    Warning (13410): Pin "Key_I[65]" is stuck at GND
    Warning (13410): Pin "Key_I[64]" is stuck at GND
    Warning (13410): Pin "Key_I[63]" is stuck at GND
    Warning (13410): Pin "Key_I[62]" is stuck at GND
    Warning (13410): Pin "Key_I[61]" is stuck at GND
    Warning (13410): Pin "Key_I[60]" is stuck at GND
    Warning (13410): Pin "Key_I[59]" is stuck at GND
    Warning (13410): Pin "Key_I[58]" is stuck at GND
    Warning (13410): Pin "Key_I[57]" is stuck at GND
    Warning (13410): Pin "Key_I[56]" is stuck at GND
    Warning (13410): Pin "Key_I[55]" is stuck at GND
    Warning (13410): Pin "Key_I[54]" is stuck at GND
    Warning (13410): Pin "Key_I[53]" is stuck at GND
    Warning (13410): Pin "Key_I[52]" is stuck at GND
    Warning (13410): Pin "Key_I[51]" is stuck at GND
    Warning (13410): Pin "Key_I[50]" is stuck at GND
    Warning (13410): Pin "Key_I[49]" is stuck at GND
    Warning (13410): Pin "Key_I[48]" is stuck at GND
    Warning (13410): Pin "Key_I[47]" is stuck at GND
    Warning (13410): Pin "Key_I[46]" is stuck at GND
    Warning (13410): Pin "Key_I[45]" is stuck at GND
    Warning (13410): Pin "Key_I[44]" is stuck at GND
    Warning (13410): Pin "Key_I[43]" is stuck at GND
    Warning (13410): Pin "Key_I[42]" is stuck at GND
    Warning (13410): Pin "Key_I[41]" is stuck at GND
    Warning (13410): Pin "Key_I[40]" is stuck at GND
    Warning (13410): Pin "Key_I[39]" is stuck at GND
    Warning (13410): Pin "Key_I[38]" is stuck at GND
    Warning (13410): Pin "Key_I[37]" is stuck at GND
    Warning (13410): Pin "Key_I[36]" is stuck at GND
    Warning (13410): Pin "Key_I[35]" is stuck at GND
    Warning (13410): Pin "Key_I[34]" is stuck at GND
    Warning (13410): Pin "Key_I[33]" is stuck at GND
    Warning (13410): Pin "Key_I[32]" is stuck at GND
    Warning (13410): Pin "Key_I[31]" is stuck at GND
    Warning (13410): Pin "Key_I[30]" is stuck at GND
    Warning (13410): Pin "Key_I[29]" is stuck at GND
    Warning (13410): Pin "Key_I[28]" is stuck at GND
    Warning (13410): Pin "Key_I[27]" is stuck at GND
    Warning (13410): Pin "Key_I[26]" is stuck at GND
    Warning (13410): Pin "Key_I[25]" is stuck at GND
    Warning (13410): Pin "Key_I[24]" is stuck at GND
    Warning (13410): Pin "Key_I[23]" is stuck at GND
    Warning (13410): Pin "Key_I[22]" is stuck at GND
    Warning (13410): Pin "Key_I[21]" is stuck at GND
    Warning (13410): Pin "Key_I[20]" is stuck at GND
    Warning (13410): Pin "Key_I[19]" is stuck at GND
    Warning (13410): Pin "Key_I[18]" is stuck at GND
    Warning (13410): Pin "Key_I[17]" is stuck at GND
    Warning (13410): Pin "Key_I[16]" is stuck at GND
    Warning (13410): Pin "Key_I[15]" is stuck at GND
    Warning (13410): Pin "Key_I[14]" is stuck at GND
    Warning (13410): Pin "Key_I[13]" is stuck at GND
    Warning (13410): Pin "Key_I[12]" is stuck at GND
    Warning (13410): Pin "Key_I[11]" is stuck at GND
    Warning (13410): Pin "Key_I[10]" is stuck at GND
    Warning (13410): Pin "Key_I[9]" is stuck at GND
    Warning (13410): Pin "Key_I[8]" is stuck at GND
    Warning (13410): Pin "Key_I[7]" is stuck at GND
    Warning (13410): Pin "Key_I[6]" is stuck at GND
    Warning (13410): Pin "Key_I[5]" is stuck at GND
    Warning (13410): Pin "Key_I[4]" is stuck at GND
    Warning (13410): Pin "Key_I[3]" is stuck at GND
    Warning (13410): Pin "Key_I[2]" is stuck at GND
    Warning (13410): Pin "Key_I[1]" is stuck at GND
    Warning (13410): Pin "Key_I[0]" is stuck at GND
Info (286030): Timing-Driven Synthesis is running
Info (16010): Generating hard_block partition "hard_block:auto_generated_inst"
    Info (16011): Adding 0 node(s), including 0 DDIO, 0 PLL, 0 transceiver and 0 LCELL
Critical Warning (15725): clock port is fed by virtual pin "clk~input"; timing analysis treats input to the clock port as a ripple clock
Info (15717): Design contains 259 virtual pins; timing numbers associated with paths containing virtual pins are estimates
    Info (15719): Pin "Key_I[127]" is virtual output pin
    Info (15719): Pin "Key_I[126]" is virtual output pin
    Info (15719): Pin "Key_I[125]" is virtual output pin
    Info (15719): Pin "Key_I[124]" is virtual output pin
    Info (15719): Pin "Key_I[123]" is virtual output pin
    Info (15719): Pin "Key_I[122]" is virtual output pin
    Info (15719): Pin "Key_I[121]" is virtual output pin
    Info (15719): Pin "Key_I[120]" is virtual output pin
    Info (15719): Pin "Key_I[119]" is virtual output pin
    Info (15719): Pin "Key_I[118]" is virtual output pin
    Info (15719): Pin "Key_I[117]" is virtual output pin
    Info (15719): Pin "Key_I[116]" is virtual output pin
    Info (15719): Pin "Key_I[115]" is virtual output pin
    Info (15719): Pin "Key_I[114]" is virtual output pin
    Info (15719): Pin "Key_I[113]" is virtual output pin
    Info (15719): Pin "Key_I[112]" is virtual output pin
    Info (15719): Pin "Key_I[111]" is virtual output pin
    Info (15719): Pin "Key_I[110]" is virtual output pin
    Info (15719): Pin "Key_I[109]" is virtual output pin
    Info (15719): Pin "Key_I[108]" is virtual output pin
    Info (15719): Pin "Key_I[107]" is virtual output pin
    Info (15719): Pin "Key_I[106]" is virtual output pin
    Info (15719): Pin "Key_I[105]" is virtual output pin
    Info (15719): Pin "Key_I[104]" is virtual output pin
    Info (15719): Pin "Key_I[103]" is virtual output pin
    Info (15719): Pin "Key_I[102]" is virtual output pin
    Info (15719): Pin "Key_I[101]" is virtual output pin
    Info (15719): Pin "Key_I[100]" is virtual output pin
    Info (15719): Pin "Key_I[99]" is virtual output pin
    Info (15719): Pin "Key_I[98]" is virtual output pin
    Info (15719): Pin "Key_I[97]" is virtual output pin
    Info (15719): Pin "Key_I[96]" is virtual output pin
    Info (15719): Pin "Key_I[95]" is virtual output pin
    Info (15719): Pin "Key_I[94]" is virtual output pin
    Info (15719): Pin "Key_I[93]" is virtual output pin
    Info (15719): Pin "Key_I[92]" is virtual output pin
    Info (15719): Pin "Key_I[91]" is virtual output pin
    Info (15719): Pin "Key_I[90]" is virtual output pin
    Info (15719): Pin "Key_I[89]" is virtual output pin
    Info (15719): Pin "Key_I[88]" is virtual output pin
    Info (15719): Pin "Key_I[87]" is virtual output pin
    Info (15719): Pin "Key_I[86]" is virtual output pin
    Info (15719): Pin "Key_I[85]" is virtual output pin
    Info (15719): Pin "Key_I[84]" is virtual output pin
    Info (15719): Pin "Key_I[83]" is virtual output pin
    Info (15719): Pin "Key_I[82]" is virtual output pin
    Info (15719): Pin "Key_I[81]" is virtual output pin
    Info (15719): Pin "Key_I[80]" is virtual output pin
    Info (15719): Pin "Key_I[79]" is virtual output pin
    Info (15719): Pin "Key_I[78]" is virtual output pin
    Info (15719): Pin "Key_I[77]" is virtual output pin
    Info (15719): Pin "Key_I[76]" is virtual output pin
    Info (15719): Pin "Key_I[75]" is virtual output pin
    Info (15719): Pin "Key_I[74]" is virtual output pin
    Info (15719): Pin "Key_I[73]" is virtual output pin
    Info (15719): Pin "Key_I[72]" is virtual output pin
    Info (15719): Pin "Key_I[71]" is virtual output pin
    Info (15719): Pin "Key_I[70]" is virtual output pin
    Info (15719): Pin "Key_I[69]" is virtual output pin
    Info (15719): Pin "Key_I[68]" is virtual output pin
    Info (15719): Pin "Key_I[67]" is virtual output pin
    Info (15719): Pin "Key_I[66]" is virtual output pin
    Info (15719): Pin "Key_I[65]" is virtual output pin
    Info (15719): Pin "Key_I[64]" is virtual output pin
    Info (15719): Pin "Key_I[63]" is virtual output pin
    Info (15719): Pin "Key_I[62]" is virtual output pin
    Info (15719): Pin "Key_I[61]" is virtual output pin
    Info (15719): Pin "Key_I[60]" is virtual output pin
    Info (15719): Pin "Key_I[59]" is virtual output pin
    Info (15719): Pin "Key_I[58]" is virtual output pin
    Info (15719): Pin "Key_I[57]" is virtual output pin
    Info (15719): Pin "Key_I[56]" is virtual output pin
    Info (15719): Pin "Key_I[55]" is virtual output pin
    Info (15719): Pin "Key_I[54]" is virtual output pin
    Info (15719): Pin "Key_I[53]" is virtual output pin
    Info (15719): Pin "Key_I[52]" is virtual output pin
    Info (15719): Pin "Key_I[51]" is virtual output pin
    Info (15719): Pin "Key_I[50]" is virtual output pin
    Info (15719): Pin "Key_I[49]" is virtual output pin
    Info (15719): Pin "Key_I[48]" is virtual output pin
    Info (15719): Pin "Key_I[47]" is virtual output pin
    Info (15719): Pin "Key_I[46]" is virtual output pin
    Info (15719): Pin "Key_I[45]" is virtual output pin
    Info (15719): Pin "Key_I[44]" is virtual output pin
    Info (15719): Pin "Key_I[43]" is virtual output pin
    Info (15719): Pin "Key_I[42]" is virtual output pin
    Info (15719): Pin "Key_I[41]" is virtual output pin
    Info (15719): Pin "Key_I[40]" is virtual output pin
    Info (15719): Pin "Key_I[39]" is virtual output pin
    Info (15719): Pin "Key_I[38]" is virtual output pin
    Info (15719): Pin "Key_I[37]" is virtual output pin
    Info (15719): Pin "Key_I[36]" is virtual output pin
    Info (15719): Pin "Key_I[35]" is virtual output pin
    Info (15719): Pin "Key_I[34]" is virtual output pin
    Info (15719): Pin "Key_I[33]" is virtual output pin
    Info (15719): Pin "Key_I[32]" is virtual output pin
    Info (15719): Pin "Key_I[31]" is virtual output pin
    Info (15719): Pin "Key_I[30]" is virtual output pin
    Info (15719): Pin "Key_I[29]" is virtual output pin
    Info (15719): Pin "Key_I[28]" is virtual output pin
    Info (15719): Pin "Key_I[27]" is virtual output pin
    Info (15719): Pin "Key_I[26]" is virtual output pin
    Info (15719): Pin "Key_I[25]" is virtual output pin
    Info (15719): Pin "Key_I[24]" is virtual output pin
    Info (15719): Pin "Key_I[23]" is virtual output pin
    Info (15719): Pin "Key_I[22]" is virtual output pin
    Info (15719): Pin "Key_I[21]" is virtual output pin
    Info (15719): Pin "Key_I[20]" is virtual output pin
    Info (15719): Pin "Key_I[19]" is virtual output pin
    Info (15719): Pin "Key_I[18]" is virtual output pin
    Info (15719): Pin "Key_I[17]" is virtual output pin
    Info (15719): Pin "Key_I[16]" is virtual output pin
    Info (15719): Pin "Key_I[15]" is virtual output pin
    Info (15719): Pin "Key_I[14]" is virtual output pin
    Info (15719): Pin "Key_I[13]" is virtual output pin
    Info (15719): Pin "Key_I[12]" is virtual output pin
    Info (15719): Pin "Key_I[11]" is virtual output pin
    Info (15719): Pin "Key_I[10]" is virtual output pin
    Info (15719): Pin "Key_I[9]" is virtual output pin
    Info (15719): Pin "Key_I[8]" is virtual output pin
    Info (15719): Pin "Key_I[7]" is virtual output pin
    Info (15719): Pin "Key_I[6]" is virtual output pin
    Info (15719): Pin "Key_I[5]" is virtual output pin
    Info (15719): Pin "Key_I[4]" is virtual output pin
    Info (15719): Pin "Key_I[3]" is virtual output pin
    Info (15719): Pin "Key_I[2]" is virtual output pin
    Info (15719): Pin "Key_I[1]" is virtual output pin
    Info (15719): Pin "Key_I[0]" is virtual output pin
    Info (15718): Pin "Key[127]" is virtual input pin
    Info (15718): Pin "Key[126]" is virtual input pin
    Info (15718): Pin "Key[125]" is virtual input pin
    Info (15718): Pin "Key[124]" is virtual input pin
    Info (15718): Pin "Key[123]" is virtual input pin
    Info (15718): Pin "Key[122]" is virtual input pin
    Info (15718): Pin "Key[121]" is virtual input pin
    Info (15718): Pin "Key[120]" is virtual input pin
    Info (15718): Pin "Key[119]" is virtual input pin
    Info (15718): Pin "Key[118]" is virtual input pin
    Info (15718): Pin "Key[117]" is virtual input pin
    Info (15718): Pin "Key[116]" is virtual input pin
    Info (15718): Pin "Key[115]" is virtual input pin
    Info (15718): Pin "Key[114]" is virtual input pin
    Info (15718): Pin "Key[113]" is virtual input pin
    Info (15718): Pin "Key[112]" is virtual input pin
    Info (15718): Pin "Key[111]" is virtual input pin
    Info (15718): Pin "Key[110]" is virtual input pin
    Info (15718): Pin "Key[109]" is virtual input pin
    Info (15718): Pin "Key[108]" is virtual input pin
    Info (15718): Pin "Key[107]" is virtual input pin
    Info (15718): Pin "Key[106]" is virtual input pin
    Info (15718): Pin "Key[105]" is virtual input pin
    Info (15718): Pin "Key[104]" is virtual input pin
    Info (15718): Pin "Key[103]" is virtual input pin
    Info (15718): Pin "Key[102]" is virtual input pin
    Info (15718): Pin "Key[101]" is virtual input pin
    Info (15718): Pin "Key[100]" is virtual input pin
    Info (15718): Pin "Key[99]" is virtual input pin
    Info (15718): Pin "Key[98]" is virtual input pin
    Info (15718): Pin "Key[97]" is virtual input pin
    Info (15718): Pin "Key[96]" is virtual input pin
    Info (15718): Pin "Key[95]" is virtual input pin
    Info (15718): Pin "Key[94]" is virtual input pin
    Info (15718): Pin "Key[93]" is virtual input pin
    Info (15718): Pin "Key[92]" is virtual input pin
    Info (15718): Pin "Key[91]" is virtual input pin
    Info (15718): Pin "Key[90]" is virtual input pin
    Info (15718): Pin "Key[89]" is virtual input pin
    Info (15718): Pin "Key[88]" is virtual input pin
    Info (15718): Pin "Key[87]" is virtual input pin
    Info (15718): Pin "Key[86]" is virtual input pin
    Info (15718): Pin "Key[85]" is virtual input pin
    Info (15718): Pin "Key[84]" is virtual input pin
    Info (15718): Pin "Key[83]" is virtual input pin
    Info (15718): Pin "Key[82]" is virtual input pin
    Info (15718): Pin "Key[81]" is virtual input pin
    Info (15718): Pin "Key[80]" is virtual input pin
    Info (15718): Pin "Key[79]" is virtual input pin
    Info (15718): Pin "Key[78]" is virtual input pin
    Info (15718): Pin "Key[77]" is virtual input pin
    Info (15718): Pin "Key[76]" is virtual input pin
    Info (15718): Pin "Key[75]" is virtual input pin
    Info (15718): Pin "Key[74]" is virtual input pin
    Info (15718): Pin "Key[73]" is virtual input pin
    Info (15718): Pin "Key[72]" is virtual input pin
    Info (15718): Pin "Key[71]" is virtual input pin
    Info (15718): Pin "Key[70]" is virtual input pin
    Info (15718): Pin "Key[69]" is virtual input pin
    Info (15718): Pin "Key[68]" is virtual input pin
    Info (15718): Pin "Key[67]" is virtual input pin
    Info (15718): Pin "Key[66]" is virtual input pin
    Info (15718): Pin "Key[65]" is virtual input pin
    Info (15718): Pin "Key[64]" is virtual input pin
    Info (15718): Pin "Key[63]" is virtual input pin
    Info (15718): Pin "Key[62]" is virtual input pin
    Info (15718): Pin "Key[61]" is virtual input pin
    Info (15718): Pin "Key[60]" is virtual input pin
    Info (15718): Pin "Key[59]" is virtual input pin
    Info (15718): Pin "Key[58]" is virtual input pin
    Info (15718): Pin "Key[57]" is virtual input pin
    Info (15718): Pin "Key[56]" is virtual input pin
    Info (15718): Pin "Key[55]" is virtual input pin
    Info (15718): Pin "Key[54]" is virtual input pin
    Info (15718): Pin "Key[53]" is virtual input pin
    Info (15718): Pin "Key[52]" is virtual input pin
    Info (15718): Pin "Key[51]" is virtual input pin
    Info (15718): Pin "Key[50]" is virtual input pin
    Info (15718): Pin "Key[49]" is virtual input pin
    Info (15718): Pin "Key[48]" is virtual input pin
    Info (15718): Pin "Key[47]" is virtual input pin
    Info (15718): Pin "Key[46]" is virtual input pin
    Info (15718): Pin "Key[45]" is virtual input pin
    Info (15718): Pin "Key[44]" is virtual input pin
    Info (15718): Pin "Key[43]" is virtual input pin
    Info (15718): Pin "Key[42]" is virtual input pin
    Info (15718): Pin "Key[41]" is virtual input pin
    Info (15718): Pin "Key[40]" is virtual input pin
    Info (15718): Pin "Key[39]" is virtual input pin
    Info (15718): Pin "Key[38]" is virtual input pin
    Info (15718): Pin "Key[37]" is virtual input pin
    Info (15718): Pin "Key[36]" is virtual input pin
    Info (15718): Pin "Key[35]" is virtual input pin
    Info (15718): Pin "Key[34]" is virtual input pin
    Info (15718): Pin "Key[33]" is virtual input pin
    Info (15718): Pin "Key[32]" is virtual input pin
    Info (15718): Pin "Key[22]" is virtual input pin
    Info (15718): Pin "Key[17]" is virtual input pin
    Info (15718): Pin "Key[18]" is virtual input pin
    Info (15718): Pin "Key[19]" is virtual input pin
    Info (15718): Pin "Key[20]" is virtual input pin
    Info (15718): Pin "Key[23]" is virtual input pin
    Info (15718): Pin "Key[16]" is virtual input pin
    Info (15718): Pin "Key[21]" is virtual input pin
    Info (15718): Pin "clk" is virtual input pin
    Info (15718): Pin "nrst" is virtual input pin
    Info (15718): Pin "start" is virtual input pin
    Info (15718): Pin "Key[14]" is virtual input pin
    Info (15718): Pin "Key[9]" is virtual input pin
    Info (15718): Pin "Key[10]" is virtual input pin
    Info (15718): Pin "Key[11]" is virtual input pin
    Info (15718): Pin "Key[12]" is virtual input pin
    Info (15718): Pin "Key[15]" is virtual input pin
    Info (15718): Pin "Key[8]" is virtual input pin
    Info (15718): Pin "Key[13]" is virtual input pin
    Info (15718): Pin "Key[6]" is virtual input pin
    Info (15718): Pin "Key[1]" is virtual input pin
    Info (15718): Pin "Key[2]" is virtual input pin
    Info (15718): Pin "Key[3]" is virtual input pin
    Info (15718): Pin "Key[4]" is virtual input pin
    Info (15718): Pin "Key[7]" is virtual input pin
    Info (15718): Pin "Key[0]" is virtual input pin
    Info (15718): Pin "Key[5]" is virtual input pin
    Info (15718): Pin "Key[30]" is virtual input pin
    Info (15718): Pin "Key[25]" is virtual input pin
    Info (15718): Pin "Key[26]" is virtual input pin
    Info (15718): Pin "Key[27]" is virtual input pin
    Info (15718): Pin "Key[28]" is virtual input pin
    Info (15718): Pin "Key[31]" is virtual input pin
    Info (15718): Pin "Key[24]" is virtual input pin
    Info (15718): Pin "Key[29]" is virtual input pin
Warning (15752): Ignored 4 Virtual Pin logic option assignments
    Warning (15751): Ignored Virtual Pin assignment to "SBox_Out".
    Warning (15751): Ignored Virtual Pin assignment to "ExpandKeys:inst6".
    Warning (15751): Ignored Virtual Pin assignment to "KeyScheduler:inst".
    Warning (15751): Ignored Virtual Pin assignment to "SBox_In".
Info (21057): Implemented 420 device resources after synthesis - the final resource count might be different
    Info (21058): Implemented 0 input pins
    Info (21059): Implemented 0 output pins
    Info (21061): Implemented 420 logic cells
Info: Quartus Prime Analysis & Synthesis was successful. 0 errors, 113 warnings
    Info: Peak virtual memory: 4876 megabytes
    Info: Processing ended: Fri Jan 11 17:25:56 2019
    Info: Elapsed time: 00:00:20
    Info: Total CPU time (on all processors): 00:00:41


